<?xml version="1.0" encoding="UTF-8"?>
<robot generator="Robot 4.1 (Python 3.9.6 on darwin)" generated="20210908 22:29:55.029" rpa="false" schemaversion="2">
<suite id="s1" name="API" source="/Users/albersonferreira/Automacao de Teste/Automacao/robotframework/testes/API.robot">
<kw name="Conectar a API" library="ResourceAPI" type="SETUP">
<kw name="Create Session" library="RequestsLibrary">
<arg>API</arg>
<arg>${URL_API}</arg>
<doc>Create Session: create a HTTP session to a server</doc>
<msg timestamp="20210908 22:29:55.085" level="INFO">Creating Session using : alias=API, url=http://fakerestapi.azurewebsites.net/api/v1/, headers={},                     cookies={}, auth=None, timeout=None, proxies=None, verify=False,                     debug=0 </msg>
<status status="PASS" starttime="20210908 22:29:55.084" endtime="20210908 22:29:55.085"/>
</kw>
<status status="PASS" starttime="20210908 22:29:55.084" endtime="20210908 22:29:55.085"/>
</kw>
<test id="s1-t1" name="Buscar a listagem de todos os livros (GET em todos os livros)">
<kw name="Requisitar todos os livros" library="ResourceAPI">
<kw name="Get On Session" library="RequestsLibrary">
<var>${RESPOSTA}</var>
<arg>API</arg>
<arg>Books</arg>
<doc>Sends a GET request on a previously created HTTP Session.</doc>
<msg timestamp="20210908 22:29:58.469" level="INFO">GET Request : url=http://fakerestapi.azurewebsites.net/api/v1/Books 
 path_url=/api/v1/Books 
 headers={'User-Agent': 'python-requests/2.26.0', 'Accept-Encoding': 'gzip, deflate', 'Accept': '*/*', 'Connection': 'keep-alive'} 
 body=None 
 </msg>
<msg timestamp="20210908 22:29:58.471" level="INFO">GET Response : url=http://fakerestapi.azurewebsites.net/api/v1/Books 
 status=200, reason=OK 
 headers={'Transfer-Encoding': 'chunked', 'Content-Type': 'application/json; charset=utf-8; v=1.0', 'Server': 'Kestrel', 'api-supported-versions': '1.0', 'Date': 'Thu, 09 Sep 2021 02:29:56 GMT'} 
 body=[{"id":1,"title":"Book 1","description":"Sadipscing eleifend dolor ut. Consequat labore sea sit ut duo est aliquyam augue sanctus dolor kasd justo lorem kasd nulla nisl lorem justo. Consetetur magna voluptua. Et eu nulla diam amet erat. Delenit invidunt ea consetetur nostrud lorem eu amet duis sanctus consectetuer eirmod nonumy amet dolor et. Praesent commodo stet vero amet sanctus amet eos consetetur clita takimata facilisis ea autem labore. Sanctus no takimata commodo diam nulla te ut est velit diam et magna accusam sit consetetur dolor diam et. Nisl delenit erat justo nostrud ut odio vero elitr vulputate tempor accusam magna dolore veniam aliquyam labore sit. Esse stet gubergren et elitr magna invidunt sadipscing velit ipsum vulputate vero ullamcorper lorem. Stet ut nostrud elitr invidunt takimata sanctus facilisis et ad laoreet duo. Eirmod aliquam et vel amet labore congue et. Erat dolore no magna iusto.\n","pageCount":100,"excerpt":"Duo eos sed eirmod dolore takimata consetetur no amet sit lorem eirmod duo. Vulputate gubergren laoreet in amet aliquyam ipsum et autem voluptua dolor labore dolor. Aliquyam ut dolore consetetur sanctus. Ad diam suscipit facilisi amet clita sadipscing at sanctus luptatum invidunt veniam. Facilisi consetetur ipsum duo sed tincidunt stet. Et et eirmod eum sanctus gubergren. Invidunt et ut minim et dolores takimata at. Justo sit zzril amet takimata sed consequat dolore at elitr ut eos vero duo vero sea labore lorem. Clita takimata et et justo et sed at hendrerit duis vero vero sed justo sanctus esse velit qui consetetur. Dolores sea diam iriure. No est et erat. Labore takimata sit nihil aliquam et diam. No gubergren et suscipit.\nTakimata illum stet magna magna sea molestie hendrerit adipiscing takimata vel. Veniam justo blandit ullamcorper illum labore dolores euismod in justo blandit praesent clita erat et liber aliquam consequat eirmod. Sed dolore takimata eirmod et invidunt ut clita no sit sed dolor accusam eleifend ipsum sed dolores suscipit. Labore et dolores aliquyam dolore kasd elit. Elitr eros invidunt consetetur aliquam ipsum molestie stet gubergren lorem justo sea kasd dolores sed est voluptua tempor sit. Rebum consetetur nostrud adipiscing elit kasd dolor ea blandit illum sed voluptua takimata. Consequat iusto minim praesent nulla aliquyam stet stet dolor et laoreet kasd ipsum dolor. Sanctus lorem dolores hendrerit clita commodo dolores ex ipsum vel sit aliquip dolore sit aliquyam. Et sanctus elitr amet duo ut tincidunt lorem amet. Sit consectetuer augue aliquyam rebum voluptua lorem justo ea dolor lobortis sea diam wisi eos consetetur.\nDolor assum eirmod augue ipsum aliquyam. Eum sit accusam takimata lorem sit ipsum diam diam sadipscing sadipscing ut lorem eos vulputate sadipscing. Est feugait nulla gubergren. Minim qui vero sadipscing soluta elitr facilisis nonumy consequat dolore et invidunt accusam adipiscing et. Diam at duis ipsum invidunt ipsum rebum ut sit lorem eos sit est odio vero et. Autem rebum invidunt consequat zzril dolores esse. Ipsum kasd possim invidunt amet gubergren ipsum erat sea consequat rebum consetetur takimata ipsum invidunt sanctus voluptua clita. Diam ea et no feugiat amet velit option consetetur facilisi invidunt. Diam lorem eirmod nonumy diam at dolore no ipsum dolor illum eirmod ea elitr lobortis lorem. Augue rebum et aliquyam diam dolor elitr et kasd dolor dolor dolores soluta lobortis accusam gubergren tempor. Nam sadipscing iriure sit sit vero et ipsum ut te. At ipsum no sed ipsum sadipscing est commodo consectetuer vero. Illum ullamcorper accusam et stet nonummy sit justo sit vel et consectetuer elitr ipsum illum est tempor vero. Velit sit sed.\nEnim kasd amet et accusam consetetur stet rebum dolor invidunt eum dolore nostrud. Veniam clita amet clita delenit eirmod dolore. Sea consetetur commodo dolore no vel kasd nulla magna ut minim invidunt consequat diam. Gubergren kasd velit ut ea et lorem accumsan invidunt dolor elitr id rebum erat diam et possim ipsum stet. Te nobis eos at. Diam nibh amet duis lorem est rebum voluptua. Facilisis esse vel gubergren accusam sed vulputate laoreet velit et labore magna stet. Veniam dolor ut ut sed suscipit. Sit lorem nonumy nulla et dolore consetetur accusam no. Luptatum sea aliquyam delenit. Lorem illum tation euismod stet nostrud gubergren lobortis sed mazim dolore labore. Nostrud labore kasd tation duo at eros sed ullamcorper stet ea. Qui et takimata accusam accumsan hendrerit. Vero duo et sed at duis at lorem lobortis tempor rebum praesent vero feugait duis sanctus. Diam consectetuer duo gubergren est et aliquyam sed facilisi sadipscing lorem vel stet et takimata nonumy. Tation vulputate nonumy exerci duis. Labore ut voluptua consetetur dolor nulla ipsum nostrud augue elitr amet est diam nibh sea.\nAccumsan at tempor ut. Mazim lorem dolor. Ut magna erat elitr takimata nam iriure diam sit diam. No eos in diam. Sed no dolore amet labore eos sadipscing gubergren lorem. Sed ut magna doming accumsan. Tempor no nonummy nulla possim eos enim aliquyam. Justo dolor in ea sea nonummy ipsum.\n","publishDate":"2021-09-08T02:29:56.3214606+00:00"},{"id":2,"title":"Book 2","description":"Velit invidunt dolores voluptua et gubergren lorem eirmod erat lorem duo laoreet. Et et feugait facilisi ea. Dignissim et voluptua et elitr quis consequat vero dolor tempor nonumy esse nonumy sed dolore diam. Justo takimata nisl tempor dolor vero dolor gubergren sea eirmod eos at amet accusam praesent amet sea amet.\n","pageCount":200,"excerpt":"Iriure molestie ipsum et sed minim. Elitr ipsum sadipscing dignissim ipsum kasd consectetuer. Erat et et ipsum diam sit et congue eros dolor nonumy sit duo. Sea voluptua dolores ut adipiscing. Praesent autem duo te et no lorem takimata dolore et rebum. Ut justo diam facilisis no dolor dignissim minim in lorem ipsum eirmod tation et amet dolore voluptua illum et. Erat ipsum et lorem te rebum voluptua justo voluptua justo sed et no feugait. Augue gubergren tempor sanctus invidunt sadipscing ea duo takimata minim.\nEos ut eos luptatum eum sit consetetur dolor et gubergren tempor invidunt. Tation elit takimata nulla takimata dolore et amet laoreet dolore et sit. Gubergren duis et sit et ipsum clita cum eos vel sit voluptua rebum sadipscing ut cum. In sed et at diam vulputate augue tation te dolore tempor liber ut magna. In eirmod sit duo et dolore vel wisi nihil amet. Duo magna kasd labore nisl illum vero nonumy sadipscing dolores stet takimata diam. Illum sit est diam nonumy gubergren justo labore erat sed erat clita at justo lorem erat ut vel. Aliquyam diam facilisi duo vulputate rebum et nobis dolore sea. Lorem ipsum sanctus voluptua sadipscing et et ex feugait diam ea diam. Magna vero kasd rebum dolore voluptua eos. Dolore ipsum clita illum est amet sed labore consequat diam eos voluptua eirmod veniam nonumy ipsum. Consetetur consetetur et ipsum duo sed veniam consetetur no sanctus et nonummy eum vero ea.\nElit eirmod duo labore dolor et no suscipit duis eos sit diam. Molestie aliquyam dolor at kasd ut aliquyam gubergren duo. Iriure nonumy labore sed vero ad ipsum dolore diam id labore ea eu autem. Ea sed hendrerit et sit ipsum. Diam nobis diam wisi consetetur. Duis aliquam et takimata consetetur exerci commodo invidunt accusam diam lorem lorem nostrud nonummy accusam in eos delenit. Et veniam diam eos ea ipsum enim sit ut consetetur in eros nibh. Accusam et feugiat invidunt dolor consetetur rebum et magna dolor. Lorem ea erat kasd et amet. Imperdiet magna ipsum eos accusam voluptua lorem et feugiat et.\nTincidunt est duo tempor qui ea sanctus ullamcorper sea sea elitr justo ea laoreet justo veniam diam lorem. Consetetur dolore ea stet consequat ea wisi rebum diam sit vero eirmod molestie rebum takimata sanctus ut duo. Dolor est consetetur et lobortis praesent et eirmod feugait odio.\nDiam tempor takimata dolore lorem diam diam dolore tempor dolore magna rebum. Invidunt stet justo duo dolore magna magna sit sanctus at nisl blandit sanctus et eos facilisis at tincidunt blandit. Praesent elitr takimata et consequat quod accusam volutpat ipsum rebum ad ipsum esse consetetur ipsum lorem. Illum vulputate diam clita et elitr voluptua laoreet amet dolor esse minim invidunt amet ipsum sed. Aliquam consectetuer at at esse dolore clita wisi consequat aliquyam sadipscing velit consetetur erat lorem nulla feugiat no stet. Amet magna rebum takimata lorem rebum. Amet ut est dolor amet nonumy feugait aliquam no dolore diam adipiscing. Ad kasd accusam dolore. Sanctus justo diam dolore congue velit eos. Eos enim dolore consetetur lorem. Diam placerat sanctus tempor tempor sit magna duo dolore lorem dolor nonumy. Voluptua vel rebum diam lobortis sed at dolor accusam et accusam. Eos doming nulla labore no. Sed takimata ut dolor vulputate et labore takimata magna ad ut diam ea labore in et dolor. Vero et dolore consetetur diam dolores dolor illum et duo aliquyam ad sit dolore magna odio dolor facilisis nonummy. Ipsum ipsum in. Dolores lorem ea autem stet aliquip dolore sed in. Lorem veniam eros iriure est dolore tincidunt amet minim elitr praesent eos vero sed.\n","publishDate":"2021-09-07T02:29:56.3216486+00:00"},{"id":3,"title":"Book 3","description":"Assum kasd ea vel rebum. Rebum hendrerit accusam te nulla sed aliquyam sanctus consetetur volutpat sit ipsum at nonumy congue duo. Minim et sea magna kasd ut diam et et sanctus eirmod sit gubergren nisl ipsum enim dolor quis. Dolores et labore sanctus diam dolor possim sed duo clita velit erat eirmod eu. Ea consectetuer dolor nulla kasd erat eirmod dolor sit vero sit iusto aliquam in lorem rebum duo accusam. Facilisis et nonummy lorem erat amet kasd diam et augue euismod duo invidunt. Sadipscing ullamcorper feugiat sed nulla nostrud. Praesent clita et kasd facilisis diam lorem sit duo dolor clita assum. Nonumy no sed et lorem tempor no stet no sanctus vero takimata. Takimata sit ea. Ea accusam lorem ut dolore.\n","pageCount":300,"excerpt":"Commodo et f... (set the log level to DEBUG or TRACE to see the full content) 
 </msg>
<msg timestamp="20210908 22:29:58.473" level="INFO">${RESPOSTA} = &lt;Response [200]&gt;</msg>
<status status="PASS" starttime="20210908 22:29:55.085" endtime="20210908 22:29:58.473"/>
</kw>
<kw name="Log" library="BuiltIn">
<arg>${RESPOSTA.text}</arg>
<doc>Logs the given message with the given level.</doc>
<msg timestamp="20210908 22:29:58.484" level="INFO">[{"id":1,"title":"Book 1","description":"Sadipscing eleifend dolor ut. Consequat labore sea sit ut duo est aliquyam augue sanctus dolor kasd justo lorem kasd nulla nisl lorem justo. Consetetur magna voluptua. Et eu nulla diam amet erat. Delenit invidunt ea consetetur nostrud lorem eu amet duis sanctus consectetuer eirmod nonumy amet dolor et. Praesent commodo stet vero amet sanctus amet eos consetetur clita takimata facilisis ea autem labore. Sanctus no takimata commodo diam nulla te ut est velit diam et magna accusam sit consetetur dolor diam et. Nisl delenit erat justo nostrud ut odio vero elitr vulputate tempor accusam magna dolore veniam aliquyam labore sit. Esse stet gubergren et elitr magna invidunt sadipscing velit ipsum vulputate vero ullamcorper lorem. Stet ut nostrud elitr invidunt takimata sanctus facilisis et ad laoreet duo. Eirmod aliquam et vel amet labore congue et. Erat dolore no magna iusto.\n","pageCount":100,"excerpt":"Duo eos sed eirmod dolore takimata consetetur no amet sit lorem eirmod duo. Vulputate gubergren laoreet in amet aliquyam ipsum et autem voluptua dolor labore dolor. Aliquyam ut dolore consetetur sanctus. Ad diam suscipit facilisi amet clita sadipscing at sanctus luptatum invidunt veniam. Facilisi consetetur ipsum duo sed tincidunt stet. Et et eirmod eum sanctus gubergren. Invidunt et ut minim et dolores takimata at. Justo sit zzril amet takimata sed consequat dolore at elitr ut eos vero duo vero sea labore lorem. Clita takimata et et justo et sed at hendrerit duis vero vero sed justo sanctus esse velit qui consetetur. Dolores sea diam iriure. No est et erat. Labore takimata sit nihil aliquam et diam. No gubergren et suscipit.\nTakimata illum stet magna magna sea molestie hendrerit adipiscing takimata vel. Veniam justo blandit ullamcorper illum labore dolores euismod in justo blandit praesent clita erat et liber aliquam consequat eirmod. Sed dolore takimata eirmod et invidunt ut clita no sit sed dolor accusam eleifend ipsum sed dolores suscipit. Labore et dolores aliquyam dolore kasd elit. Elitr eros invidunt consetetur aliquam ipsum molestie stet gubergren lorem justo sea kasd dolores sed est voluptua tempor sit. Rebum consetetur nostrud adipiscing elit kasd dolor ea blandit illum sed voluptua takimata. Consequat iusto minim praesent nulla aliquyam stet stet dolor et laoreet kasd ipsum dolor. Sanctus lorem dolores hendrerit clita commodo dolores ex ipsum vel sit aliquip dolore sit aliquyam. Et sanctus elitr amet duo ut tincidunt lorem amet. Sit consectetuer augue aliquyam rebum voluptua lorem justo ea dolor lobortis sea diam wisi eos consetetur.\nDolor assum eirmod augue ipsum aliquyam. Eum sit accusam takimata lorem sit ipsum diam diam sadipscing sadipscing ut lorem eos vulputate sadipscing. Est feugait nulla gubergren. Minim qui vero sadipscing soluta elitr facilisis nonumy consequat dolore et invidunt accusam adipiscing et. Diam at duis ipsum invidunt ipsum rebum ut sit lorem eos sit est odio vero et. Autem rebum invidunt consequat zzril dolores esse. Ipsum kasd possim invidunt amet gubergren ipsum erat sea consequat rebum consetetur takimata ipsum invidunt sanctus voluptua clita. Diam ea et no feugiat amet velit option consetetur facilisi invidunt. Diam lorem eirmod nonumy diam at dolore no ipsum dolor illum eirmod ea elitr lobortis lorem. Augue rebum et aliquyam diam dolor elitr et kasd dolor dolor dolores soluta lobortis accusam gubergren tempor. Nam sadipscing iriure sit sit vero et ipsum ut te. At ipsum no sed ipsum sadipscing est commodo consectetuer vero. Illum ullamcorper accusam et stet nonummy sit justo sit vel et consectetuer elitr ipsum illum est tempor vero. Velit sit sed.\nEnim kasd amet et accusam consetetur stet rebum dolor invidunt eum dolore nostrud. Veniam clita amet clita delenit eirmod dolore. Sea consetetur commodo dolore no vel kasd nulla magna ut minim invidunt consequat diam. Gubergren kasd velit ut ea et lorem accumsan invidunt dolor elitr id rebum erat diam et possim ipsum stet. Te nobis eos at. Diam nibh amet duis lorem est rebum voluptua. Facilisis esse vel gubergren accusam sed vulputate laoreet velit et labore magna stet. Veniam dolor ut ut sed suscipit. Sit lorem nonumy nulla et dolore consetetur accusam no. Luptatum sea aliquyam delenit. Lorem illum tation euismod stet nostrud gubergren lobortis sed mazim dolore labore. Nostrud labore kasd tation duo at eros sed ullamcorper stet ea. Qui et takimata accusam accumsan hendrerit. Vero duo et sed at duis at lorem lobortis tempor rebum praesent vero feugait duis sanctus. Diam consectetuer duo gubergren est et aliquyam sed facilisi sadipscing lorem vel stet et takimata nonumy. Tation vulputate nonumy exerci duis. Labore ut voluptua consetetur dolor nulla ipsum nostrud augue elitr amet est diam nibh sea.\nAccumsan at tempor ut. Mazim lorem dolor. Ut magna erat elitr takimata nam iriure diam sit diam. No eos in diam. Sed no dolore amet labore eos sadipscing gubergren lorem. Sed ut magna doming accumsan. Tempor no nonummy nulla possim eos enim aliquyam. Justo dolor in ea sea nonummy ipsum.\n","publishDate":"2021-09-08T02:29:56.3214606+00:00"},{"id":2,"title":"Book 2","description":"Velit invidunt dolores voluptua et gubergren lorem eirmod erat lorem duo laoreet. Et et feugait facilisi ea. Dignissim et voluptua et elitr quis consequat vero dolor tempor nonumy esse nonumy sed dolore diam. Justo takimata nisl tempor dolor vero dolor gubergren sea eirmod eos at amet accusam praesent amet sea amet.\n","pageCount":200,"excerpt":"Iriure molestie ipsum et sed minim. Elitr ipsum sadipscing dignissim ipsum kasd consectetuer. Erat et et ipsum diam sit et congue eros dolor nonumy sit duo. Sea voluptua dolores ut adipiscing. Praesent autem duo te et no lorem takimata dolore et rebum. Ut justo diam facilisis no dolor dignissim minim in lorem ipsum eirmod tation et amet dolore voluptua illum et. Erat ipsum et lorem te rebum voluptua justo voluptua justo sed et no feugait. Augue gubergren tempor sanctus invidunt sadipscing ea duo takimata minim.\nEos ut eos luptatum eum sit consetetur dolor et gubergren tempor invidunt. Tation elit takimata nulla takimata dolore et amet laoreet dolore et sit. Gubergren duis et sit et ipsum clita cum eos vel sit voluptua rebum sadipscing ut cum. In sed et at diam vulputate augue tation te dolore tempor liber ut magna. In eirmod sit duo et dolore vel wisi nihil amet. Duo magna kasd labore nisl illum vero nonumy sadipscing dolores stet takimata diam. Illum sit est diam nonumy gubergren justo labore erat sed erat clita at justo lorem erat ut vel. Aliquyam diam facilisi duo vulputate rebum et nobis dolore sea. Lorem ipsum sanctus voluptua sadipscing et et ex feugait diam ea diam. Magna vero kasd rebum dolore voluptua eos. Dolore ipsum clita illum est amet sed labore consequat diam eos voluptua eirmod veniam nonumy ipsum. Consetetur consetetur et ipsum duo sed veniam consetetur no sanctus et nonummy eum vero ea.\nElit eirmod duo labore dolor et no suscipit duis eos sit diam. Molestie aliquyam dolor at kasd ut aliquyam gubergren duo. Iriure nonumy labore sed vero ad ipsum dolore diam id labore ea eu autem. Ea sed hendrerit et sit ipsum. Diam nobis diam wisi consetetur. Duis aliquam et takimata consetetur exerci commodo invidunt accusam diam lorem lorem nostrud nonummy accusam in eos delenit. Et veniam diam eos ea ipsum enim sit ut consetetur in eros nibh. Accusam et feugiat invidunt dolor consetetur rebum et magna dolor. Lorem ea erat kasd et amet. Imperdiet magna ipsum eos accusam voluptua lorem et feugiat et.\nTincidunt est duo tempor qui ea sanctus ullamcorper sea sea elitr justo ea laoreet justo veniam diam lorem. Consetetur dolore ea stet consequat ea wisi rebum diam sit vero eirmod molestie rebum takimata sanctus ut duo. Dolor est consetetur et lobortis praesent et eirmod feugait odio.\nDiam tempor takimata dolore lorem diam diam dolore tempor dolore magna rebum. Invidunt stet justo duo dolore magna magna sit sanctus at nisl blandit sanctus et eos facilisis at tincidunt blandit. Praesent elitr takimata et consequat quod accusam volutpat ipsum rebum ad ipsum esse consetetur ipsum lorem. Illum vulputate diam clita et elitr voluptua laoreet amet dolor esse minim invidunt amet ipsum sed. Aliquam consectetuer at at esse dolore clita wisi consequat aliquyam sadipscing velit consetetur erat lorem nulla feugiat no stet. Amet magna rebum takimata lorem rebum. Amet ut est dolor amet nonumy feugait aliquam no dolore diam adipiscing. Ad kasd accusam dolore. Sanctus justo diam dolore congue velit eos. Eos enim dolore consetetur lorem. Diam placerat sanctus tempor tempor sit magna duo dolore lorem dolor nonumy. Voluptua vel rebum diam lobortis sed at dolor accusam et accusam. Eos doming nulla labore no. Sed takimata ut dolor vulputate et labore takimata magna ad ut diam ea labore in et dolor. Vero et dolore consetetur diam dolores dolor illum et duo aliquyam ad sit dolore magna odio dolor facilisis nonummy. Ipsum ipsum in. Dolores lorem ea autem stet aliquip dolore sed in. Lorem veniam eros iriure est dolore tincidunt amet minim elitr praesent eos vero sed.\n","publishDate":"2021-09-07T02:29:56.3216486+00:00"},{"id":3,"title":"Book 3","description":"Assum kasd ea vel rebum. Rebum hendrerit accusam te nulla sed aliquyam sanctus consetetur volutpat sit ipsum at nonumy congue duo. Minim et sea magna kasd ut diam et et sanctus eirmod sit gubergren nisl ipsum enim dolor quis. Dolores et labore sanctus diam dolor possim sed duo clita velit erat eirmod eu. Ea consectetuer dolor nulla kasd erat eirmod dolor sit vero sit iusto aliquam in lorem rebum duo accusam. Facilisis et nonummy lorem erat amet kasd diam et augue euismod duo invidunt. Sadipscing ullamcorper feugiat sed nulla nostrud. Praesent clita et kasd facilisis diam lorem sit duo dolor clita assum. Nonumy no sed et lorem tempor no stet no sanctus vero takimata. Takimata sit ea. Ea accusam lorem ut dolore.\n","pageCount":300,"excerpt":"Commodo et feugait labore vero amet dolores sed tempor duo est tempor magna nulla delenit euismod ullamcorper clita. Sea magna at blandit invidunt dolore in iriure delenit eirmod hendrerit elitr minim et vero duo dolores. Ipsum facilisi qui eum aliquyam iriure diam diam. Et duis et sed sed erat dolor ipsum diam ut sit accusam ipsum takimata aliquyam vero elit.\nIn nostrud mazim vel nulla et kasd facilisis dolor consequat diam sed molestie gubergren aliquyam et et nonumy. Dolor lorem dolore blandit dolor consetetur nibh sadipscing sed lorem tempor consequat amet. Ea dolore no sit possim odio magna tation diam dolor est kasd lorem eu. Gubergren ea lorem suscipit justo dolores et sea dolore sadipscing zzril erat ipsum hendrerit no. Nonumy sit tation at dolore sadipscing. Consequat ut magna consetetur dolor consectetuer consequat ea. Consetetur amet nibh feugiat wisi magna hendrerit duis quis dolore gubergren tempor elitr. Elitr molestie elitr ex elit duo hendrerit amet lobortis sea est lorem sed. Et est dolores qui eleifend magna ut duo. Autem eirmod invidunt hendrerit sea lorem aliquyam molestie sed sit kasd eros accusam ea consetetur accusam dolore. Et volutpat doming enim justo labore sed exerci takimata diam sed lorem erat in amet. Magna elitr diam diam iriure at sea exerci congue suscipit dolor. Dolor et eirmod aliquyam et diam at sit duo sea consetetur eu kasd ea sea diam. Et iriure dolor stet ut dolore ut vero vulputate et erat sed tempor possim diam ea accusam.\nAliquyam kasd et ut enim voluptua clita erat nulla nonumy est. Amet duo sed. No ipsum ea takimata est dolores eleifend duis kasd rebum lorem nobis veniam nam dignissim et. In et tempor accusam at ullamcorper sadipscing facer amet ipsum amet labore stet. Facilisis nulla vulputate vero feugiat at. Et et voluptua elitr ad sed dolor liber tempor molestie lorem diam tempor accusam labore duis vero eirmod. Sed ut no ut eum diam eleifend eirmod sea nonumy et suscipit lorem rebum eu velit ex. Illum sed voluptua esse blandit sadipscing at vel voluptua sanctus est ea sadipscing sit et quod duis.\nEt sed eirmod rebum erat dolor rebum veniam. Magna sit stet magna sed at et takimata dolor diam tempor dolore clita et diam elit gubergren. At tempor lorem labore dolor ea. Nisl clita amet sit kasd qui erat sit dolor dolor sed. Vel clita nulla sed doming erat nulla dolores magna stet augue augue diam. Vero rebum erat consectetuer. Qui ea erat aliquyam ut liber clita. Invidunt feugait ea eirmod vero autem vel ipsum takimata wisi. Aliquyam accusam facilisi.\nLabore lorem dolores et dolore rebum et. Clita invidunt stet sanctus no. Facilisi consetetur in lorem nulla ipsum blandit sed eum at.\n","publishDate":"2021-09-06T02:29:56.3217162+00:00"},{"id":4,"title":"Book 4","description":"Sed sed rebum aliquam assum at lorem sadipscing et sit nihil. Sit elitr accusam clita eros tempor sit ad dolores. Accusam et suscipit aliquyam diam et labore sanctus amet eos sanctus invidunt molestie nobis kasd ut rebum. Nihil et illum erat vero takimata et sea sed aliquam duis lorem hendrerit in vero labore consequat diam ut. Praesent et aliquyam. Ut facilisis ea. Eu autem erat justo no elitr et ut eos. Lorem at tempor sit magna dolore et ut sadipscing diam in no lorem. Vero dolores et erat stet diam sit in labore zzril sadipscing et aliquyam.\n","pageCount":400,"excerpt":"Diam et diam. Elit iusto voluptua dolores gubergren sadipscing clita sadipscing eirmod stet nisl sed sed stet lorem eros. Clita sanctus duo amet invidunt sed ut eum at est. Stet et magna erat sit quis. Invidunt et tempor takimata. Euismod enim diam et diam ipsum soluta tempor dolore sit feugiat. Dolor ipsum no labore nisl magna ipsum. Sea vel tempor dolores eirmod elitr sit invidunt suscipit sit at justo ipsum aliquip est et. Kasd elitr adipiscing et vero dolor et consequat ut kasd et sed. Justo veniam at sanctus consequat takimata amet. Justo vero rebum vulputate sit dolor sed lobortis aliquip aliquyam rebum et diam eos. Stet est nulla feugiat no nonumy ad at sit et. Tempor dolor invidunt clita elitr vel dolore ipsum dolor.\nVolutpat ipsum molestie ipsum dolor nonumy aliquyam sed no stet et. Erat justo amet et est minim est no dolore quod voluptua at. Nonumy duo minim stet amet no dolor magna amet dolore amet molestie autem consetetur. Accusam ipsum clita at et no. Nobis elit nonummy luptatum. Ut est eirmod et. Sit lorem sit clita lorem ut sed elitr assum ut ipsum erat ut justo dolore magna diam sadipscing possim. Tempor et takimata et aliquip sea consetetur dolor velit sadipscing lorem.\nCommodo adipiscing kasd voluptua sit. Accusam labore et invidunt justo te voluptua eos consetetur ea nobis accumsan elitr id nulla. Laoreet consetetur nonumy dignissim eirmod diam adipiscing sea dolores amet nam sadipscing amet sadipscing amet sea soluta facilisis eirmod. Nonumy vel tincidunt ea at ea. Tation vel duis in amet vero delenit sed nonumy takimata iusto justo augue sit consequat ipsum qui amet.\nAmet justo ipsum molestie amet sea aliquyam doming eros luptatum nostrud iriure. Justo no velit. Duo justo sit amet sadipscing facilisis stet takimata at et dolor. Diam duis esse labore dolores nulla duo molestie minim adipiscing amet diam no no consetetur gubergren iriure justo sit. Clita iriure et et. Praesent euismod est et takimata ipsum accusam eirmod. Kasd voluptua erat duo est no ea esse et ut sea duo diam dolor accusam dolore magna et sit. Magna ullamcorper dolor et dolor sed invidunt dolores sed nam dolores no dolor vulputate labore in dolore. Ipsum eos rebum at nonumy eirmod nonumy tempor diam dolor dolor aliquyam velit magna in. Ad sanctus tincidunt in lorem et diam. Dolore ipsum quis dolore.\nDolor labore sed sed ut labore aliquam sit rebum volutpat takimata. Dolor dolor dolores invidunt nibh in nostrud lorem lorem dolor lobortis. Tempor justo et ut et sea rebum esse. Ea consetetur aliquip ad facilisi dolor diam dolore voluptua dolor dignissim diam ut voluptua. Dolore vel et facilisis voluptua et zzril vel duis velit labore congue no diam laoreet in. Eu molestie rebum nulla justo te suscipit et aliquyam. Eos voluptua accusam eirmod velit et tempor sit sed dolore invidunt et augue stet dolor et congue ipsum diam. Id sadipscing stet consectetuer amet in eos invidunt. Vero facilisi voluptua ipsum. At et duis eros. Veniam erat erat dolore erat amet takimata. Sit et sed tempor. Ea sanctus ea et duis velit consetetur sed vero eleifend clita magna lorem takimata eirmod. Duo nonumy gubergren dolor lorem ipsum nonummy. Diam takimata et labore dolor invidunt at diam illum takimata rebum et magna liber diam. Sea dolore ut lorem eos stet accusam et erat dolores duo elitr ut amet consetetur est in iriure dolor. Liber aliquam stet sea sea elit eros.\n","publishDate":"2021-09-05T02:29:56.3217927+00:00"},{"id":5,"title":"Book 5","description":"Euismod et lorem kasd sadipscing clita et autem diam rebum eos dolore nulla eleifend ipsum amet labore et facilisis. Aliquip sed voluptua dolore et qui in odio at clita et labore amet est vulputate rebum. In invidunt illum eos diam rebum. Sit possim facilisis dolor elitr eos lorem at ipsum ex amet et invidunt sed hendrerit.\n","pageCount":500,"excerpt":"Hendrerit clita in elitr dolores justo ipsum duis feugiat accusam tempor eos lorem lorem ut elitr at diam amet. Amet sit dolore gubergren et accusam justo clita magna nostrud dolore. In clita invidunt labore gubergren clita consetetur dolor labore vero ipsum accusam et quod labore et erat suscipit. Ea et molestie facer ut volutpat. Takimata et no ipsum diam magna erat clita. Et amet labore elitr accusam magna suscipit adipiscing labore molestie amet vero praesent ut velit. Est aliquyam sed dignissim. Stet accumsan no voluptua amet diam suscipit sit sadipscing. Est ipsum no eirmod in iriure et sed gubergren kasd elitr dolor kasd voluptua sit kasd. Diam sed rebum. Dolores duo amet clita sit at et sit lorem. Lobortis quod ut iusto commodo et gubergren tation suscipit aliquyam elitr tempor at dolor sit. No rebum minim dolor et est suscipit invidunt feugiat justo. Et sit nonumy sea possim sit magna ex diam est. Est et ea diam facilisis sed dolore stet diam stet ea erat hendrerit nisl dolores enim clita duo takimata. Et labore esse ut ut ipsum luptatum dolor elitr ipsum sea. Stet feugiat ipsum labore nulla amet eirmod consetetur at enim ut kasd euismod sea et elitr tempor ipsum.\nDuo takimata illum lorem duis soluta sed. Zzril et no labore labore ut nulla erat diam sadipscing elitr justo magna lorem. Elitr ipsum erat justo nihil invidunt lorem iriure sed enim elitr et vel sadipscing ipsum ipsum invidunt. Enim dolor sanctus consequat dolore ea clita eos sadipscing sanctus tation commodo. Ipsum nonumy sea voluptua aliquyam amet sadipscing diam feugait stet eu amet dolore et tempor justo. Laoreet justo lorem rebum placerat stet erat accusam ad et sadipscing duo. Nonumy labore eirmod diam quis aliquyam lorem diam diam illum et hendrerit dolor ipsum sadipscing sed et. Aliquyam gubergren eos. Diam wisi sea dolor magna accusam et. Ut et adipiscing sed facer diam ut sed diam et at nulla dolore no. Duo dolor est sit eirmod elitr amet diam ut dolore sanctus labore imperdiet vel aliquam nonummy dignissim invidunt. Takimata rebum dolore consectetuer at in. Aliquam gubergren elitr dolores et dolore est aliquyam lobortis ut eos. Ea molestie ea sit justo labore diam sea erat et magna et sadipscing kasd.\nIpsum clita ipsum. Labore ipsum justo minim amet et tempor iriure ipsum at. Dolore clita ipsum accumsan gubergren stet et dolor feugait vero. Gubergren no amet. Ipsum euismod ut. Sadipscing sea accusam aliquyam sit lorem at clita.\nAccusam sea nonummy vero elitr. Eum et kasd aliquyam sadipscing consetetur accusam dolore luptatum no et eos eros. Diam at est eirmod facilisi congue aliquyam et kasd vero magna enim no et consequat option gubergren nisl. Et sanctus voluptua dolores illum ad duo ipsum aliquip laoreet eirmod eos lorem ut. Commodo euismod ipsum ipsum sea kasd facer sadipscing sanctus justo eos dolores et. Sea autem liber option ea laoreet duo invidunt vero iusto nonumy. Duis consequat aliquyam erat commodo eirmod nulla accumsan quod elit ut vero autem augue est voluptua. Rebum dolores eum amet dolore. Sanctus nam elitr vero praesent luptatum amet et at ipsum. Lorem dolores ad consetetur magna wisi voluptua clita eirmod sit nisl.\nStet et gubergren. Sea takimata quis labore at gubergren dignissim rebum molestie nam rebum nonummy sed facilisi sit dolore labore consetetur duis. Sed consequat ullamcorper dolore eirmod voluptua ipsum et magna erat lorem accusam amet. Odio minim nostrud ut hendrerit rebum et lorem. Voluptua dolore et eleifend ad et commodo nonumy sed ut. Sea dignissim vulputate sed vel gubergren gubergren ut iusto. Diam rebum diam sit gubergren stet consequat odio kasd. Amet tempor nostrud sea vero sit ea sanctus eum est rebum ipsum autem veniam amet sed sit. Quod facilisis sed dolore nonumy ipsum gubergren. Odio facilisi esse et erat et dolores commodo illum tincidunt et kasd facilisis sed takimata facer sed. Iriure clita elitr congue elitr.\n","publishDate":"2021-09-04T02:29:56.3218714+00:00"},{"id":6,"title":"Book 6","description":"Erat dolores nonummy eos labore dolor rebum elitr justo erat at ea ipsum lorem. Sadipscing nonumy et et ea nonumy qui erat accusam amet at. Vero te dolor mazim molestie ipsum dignissim est commodo magna labore. Vel et eirmod est et dolores accusam magna sanctus sadipscing et illum vero eleifend nulla illum augue. At justo nobis sea stet. Invidunt sit clita consetetur gubergren erat magna clita aliquip stet labore ea et et volutpat sit lobortis eum. Suscipit gubergren labore at justo et sadipscing blandit tation lobortis. In stet eleifend at. Voluptua dolor dolor erat qui eirmod tempor labore consequat placerat ullamcorper diam erat ex nobis ut consetetur ipsum kasd. Illum eum kasd clita et erat praesent et autem vero invidunt. Dolor consequat clita nihil takimata magna lorem est ea aliquyam blandit diam. Vel placerat sit magna quod vero lorem. Labore magna aliquyam tincidunt vero et. Vel est ut et et sed possim sit illum ipsum tincidunt minim sit esse dolores magna sed. Magna iusto lorem consetetur. Vero amet dolore magna magna accusam aliquip.\n","pageCount":600,"excerpt":"Adipiscing sit dolore ea. Et feugiat esse wisi nulla dolore ipsum. Aliquyam dignissim at nonumy justo ipsum eum soluta. Ipsum ipsum sadipscing eirmod est at magna. Eos gubergren lorem ipsum sit nisl vel lorem euismod lorem accusam amet. Aliquyam feugait dolores eu facer tempor sadipscing sed option. Dignissim invidunt ipsum voluptua enim illum erat et. Takimata erat suscipit tempor. Sadipscing aliquyam tempor facilisis dolores lorem accumsan labore ipsum dolore imperdiet aliquip amet stet. Nam odio tempor magna quis vero takimata dolor kasd eos dolore at at ut eum. Clita facilisi ut et ut elitr magna sit sadipscing ipsum amet lorem molestie et sea sanctus labore dolor tincidunt. Lorem invidunt vero elitr dolor eu blandit amet. Takimata diam et gubergren et stet eleifend elitr eros duo. Lorem diam justo sadipscing aliquam stet eos dolor et ea euismod aliquyam sed nonumy in erat nihil. Accusam lorem et lobortis et sadipscing sed consetetur ea sadipscing amet et consectetuer dolore velit sed elitr ullamcorper amet. Consectetuer dolores justo zzril vero sed vero eos et. Eos consequat sit lorem at dolore consequat sanctus erat kasd amet no sadipscing vero dolor voluptua. Gubergren nonumy stet ea illum zzril dolore congue lorem soluta ea euismod et elitr. Voluptua ipsum elitr sed exerci sed magna enim magna dolore lorem ea vel dolores dignissim accusam.\nIn accusam erat stet eos amet eros dolor. Illum dignissim gubergren et est erat lobortis vero clita dolore labore ut nostrud sadipscing dolor lorem id possim. Sea eirmod diam ullamcorper sed no zzril et magna. Quis odio vel ea velit. Diam diam labore justo diam. Sit duo magna blandit kasd eirmod gubergren ipsum dolore sea justo lorem liber invidunt labore lorem. Eu ea eos et tempor qui sit et liber. Voluptua vero dolores amet stet lorem amet rebum magna sit consetetur voluptua kasd no et takimata sit. Dolore magna kasd at lorem sanctus stet enim kasd gubergren voluptua. Dolore ipsum suscipit invidunt consequat nulla accusam sed ipsum dolor. Stet ipsum nulla gubergren lorem. Sed et sed no invidunt nonummy et dolor sanctus. Aliquyam labore sadipscing et laoreet. Ut labore no accumsan stet et dolores sit sea ipsum diam est euismod stet dolore dolore laoreet iriure rebum. Kasd ex nonummy molestie erat ipsum accusam qui amet nulla dolore vel te feugiat. Blandit ex elitr magna dolor stet stet amet at ipsum facer lorem wisi nonumy nostrud vel at et. Ut sanctus sea invidunt eum soluta. Vero ea amet diam imperdiet kasd sit rebum elitr nostrud takimata facilisi. Sed sea volutpat delenit molestie eos sed dolor.\nElitr takimata dignissim rebum in sit takimata iusto diam nonumy ut. Sanctus sed lorem sed eos nonumy dolore et amet magna justo esse. Diam invidunt eum et stet iriure at dolor dolor gubergren. Ipsum sit dolor nulla justo eirmod at sed sit eirmod. Dolore sadipscing gubergren erat ipsum justo consetetur accusam enim kasd kasd ipsum invidunt amet tincidunt at ipsum. Sit illum consequat nibh amet duo sed diam velit. Wisi sed vero delenit elitr dolores at lorem dolore sit accusam. Clita vero ipsum accusam diam. Ipsum accumsan diam elitr. Erat est voluptua ea esse dolor consetetur imperdiet option iusto vero amet exerci ad. Voluptua ea et duis diam erat sea dolor sed tempor accusam ad lorem tincidunt facilisis nonumy ea ea aliquyam. Aliquyam ipsum justo nonumy dolor minim nostrud in voluptua eu amet in sadipscing volutpat. Cum odio labore adipiscing at stet nonumy et. Ut erat at exerci ipsum elitr. Nonumy vel labore accusam eu et ipsum gubergren elitr sadipscing suscipit sea ipsum vulputate ea imperdiet ut justo. Lorem at stet dolor. Aliquam stet ut sit veniam sea accumsan sed duo diam dolor velit sed aliquyam eirmod takimata. Ipsum iusto esse tation eros sit liber tempor vero exerci elitr ullamcorper et.\nEt nostrud sed magna aliquyam eos. Ut sed ipsum cum vel labore eos no vel dolore ut sit et et aliquyam et consequat aliquyam et. Labore sed sit exerci nobis option ut dolore feugiat sit luptatum ipsum esse volutpat assum nulla. Dolore lobortis elit labore consetetur amet justo eos nonumy exerci sed amet rebum justo dolore. Voluptua accusam lorem ipsum sit ea vulputate sadipscing accusam invidunt rebum dolores. Dolor ea duo at dolore autem delenit dolor lorem ipsum euismod vero justo commodo duis sed duo. Lorem consetetur kasd vero diam ipsum imperdiet voluptua. Ipsum dolores nonumy aliquyam diam ea accusam delenit illum takimata dolor vel gubergren ad dolore eos autem. Sanctus rebum illum erat blandit consequat et vel nulla gubergren takimata lorem ipsum kasd autem eirmod kasd. Dolor tation takimata sit facilisi sanctus labore stet dolor quis justo no facilisi clita gubergren in possim voluptua tempor. Lorem magna dolor magna est feugiat sanctus. Labore rebum sit dolor sit elitr ut tempor soluta. Tempor dolor lobortis eros adipiscing vel gubergren sanctus ut voluptua augue esse est amet est ut eros dolor. Sit duis aliquyam ipsum duo no et dolor in elitr et dolor ipsum clita quis.\nPraesent eirmod ut consequat laoreet facilisi et sed tempor. Tation eirmod tempor sed diam iriure consetetur nulla ea eirmod justo sadipscing sit ea justo lorem no est. Sanctus et vel stet no est tempor no et consetetur luptatum consetetur sea. Iriure consequat sea diam sed ipsum erat ad sanctus et euismod lobortis ut at nam magna erat delenit. Dolor est illum nisl magna kasd eirmod adipiscing lorem consectetuer ut ex justo minim amet. At labore amet dolor at sadipscing et sit erat eros. Et dolor volutpat praesent feugiat ea in ea dolores sed sadipscing sanctus consetetur elit dignissim aliquyam. Dolore lorem labore ex dolores duis magna sed. Magna adipiscing consequat dolor at est stet aliquam sit at est dolor et accumsan consetetur nonummy assum. At dolore eleifend in ad consetetur kasd aliquyam duo nonumy sit ea et ipsum.\n","publishDate":"2021-09-03T02:29:56.3220199+00:00"},{"id":7,"title":"Book 7","description":"Augue hendrerit nibh sadipscing sed nihil consequat nonumy accumsan tempor commodo et diam lorem diam. Et gubergren et rebum rebum et vero consetetur diam aliquip duis justo invidunt luptatum. Et sea ut diam eos diam ut. Dolor molestie vulputate gubergren lorem magna diam rebum eum duis praesent justo ipsum clita nonumy aliquip feugiat. Elitr praesent et et ut suscipit rebum accusam takimata kasd eirmod eos dolor. Eos kasd augue. Sit et labore sadipscing facilisis tempor est tempor clita sit laoreet at rebum vel. Stet eirmod clita dolor tation veniam dolore illum et delenit sanctus aliquyam option elitr illum. Clita amet duis erat sanctus duo. Vel kasd et eos iusto et gubergren sit nihil.\n","pageCount":700,"excerpt":"Sed iusto elitr ipsum sit wisi eos accusam sed rebum clita justo. Lorem dolores nulla autem blandit et tempor takimata labore et labore elit. Justo eros magna ut elitr labore nonumy vel et minim ipsum at duis magna lorem et facilisis et et.\nEirmod diam labore hendrerit justo dolores rebum dolore ullamcorper dolore sanctus dolore velit. Dolore eos no dolore ipsum veniam iusto stet nonumy amet ullamcorper nibh gubergren sit eirmod duo sanctus. Vero eos sit gubergren facilisis kasd gubergren dolore congue. Eos sit feugiat consetetur gubergren zzril magna amet et duis lorem sed no diam lorem kasd rebum no sed. Et kasd invidunt lorem in esse congue tempor dolor feugait gubergren dolor sit consetetur dolor elit sed lorem. Lorem zzril erat diam dolor et dolor tempor placerat dolor sit clita eos. Lorem elitr lorem iusto in erat ipsum vero lorem mazim adipiscing clita nostrud. Sanctus et sed mazim et takimata eirmod et lorem sit dolore augue vero sit kasd. Ipsum ut euismod erat dolore kasd ut rebum nisl est illum takimata. Accusam eirmod eum accusam amet. Consetetur kasd lorem consectetuer cum labore duo dolor at diam eos labore invidunt aliquyam lorem clita. Et diam clita no amet. Et sed sit ut et consectetuer clita dolor clita commodo vero eirmod lorem stet zzril sed et dolores.\nSit te gubergren diam suscipit ea. Eirmod vero lorem nonumy no ad eos no stet ea accusam et takimata eros gubergren gubergren soluta labore. Est lorem sanctus nonumy erat at consequat et invidunt. Aliquyam autem diam voluptua invidunt feugait vero invidunt et ipsum sed magna. Ut accusam dolore sed takimata molestie. Eos justo lorem amet lorem kasd. Magna labore lorem ut eum. Dolores ut erat in tempor est ea commodo ipsum ea elitr nisl. Ipsum sanctus ut dolor sea tincidunt. Tempor voluptua dolore sea eos sed diam dolores ullamcorper. Sea duis at tempor ullamcorper ipsum dolores. Dolor et amet sit duo dolor et amet et ipsum eum diam sed erat nihil rebum eleifend dolor kasd. Invidunt nonumy ipsum eirmod magna eu ea sea nonumy voluptua et te et. Dolores et augue dolore erat. Sea et aliquyam sit magna dolores erat et ipsum.\nAugue voluptua sed magna laoreet sanctus amet eu amet dolore quis et ut. Et voluptua dolore ex aliquyam ut nonummy zzril nisl est sanctus stet dolore eirmod facer dolore. Voluptua nonumy consetetur gubergren dolor magna velit rebum elitr minim at adipiscing esse stet sed. Elitr sadipscing lobortis dolore liber sit zzril. Erat tempor kasd erat invidunt no nonumy dolore elitr labore dolores et dolore dolore aliquyam lorem diam. Dolor dolore at blandit lorem stet illum diam et lobortis cum invidunt justo accumsan dolor at id ut. Exerci molestie sadipscing at justo sed ex tempor aliquam sanctus sed suscipit vero takimata dolor clita consequat et. Diam erat lorem. Sed accusam dolor ipsum sea dolore dolore rebum amet et elitr sit. Duo voluptua vero et et laoreet accusam tempor hendrerit labore ea voluptua. Accusam ipsum ut clita ut labore stet sea aliquam aliquyam erat vero elitr rebum dolore duis labore. Vulputate dolore sit dolor dolore. Elitr hendrerit ipsum sed lorem et facilisis nibh commodo facilisis sed sea voluptua aliquyam consetetur hendrerit eos duis sit. Et diam lorem consequat facilisis erat vulputate sadipscing kasd wisi ipsum diam.\nEt tempor augue amet. Hendrerit diam no eum ipsum in lorem gubergren ut at amet hendrerit nonummy diam dolor. Ea no dolor sea kasd duis tempor dolores odio tation et dolore takimata accusam. Dolore diam in sit volutpat quis ullamcorper dolor eos stet tempor. Ut et takimata sit in clita dolores magna sit sanctus. Esse gubergren ipsum velit iriure at rebum. Sea sea amet takimata et et lorem. Takimata et dolor vel dolore rebum iusto.\n","publishDate":"2021-09-02T02:29:56.3221022+00:00"},{"id":8,"title":"Book 8","description":"Kasd cum magna labore aliquyam sea facilisis eos. Sadipscing et vulputate. Liber takimata vero in nonumy sit tincidunt ea duo magna lorem dolor rebum. Stet vero eos no invidunt vero sit ut takimata eros. Dolor et nisl ea stet sit justo sit voluptua eos sit duis amet dolor amet sadipscing. Vero at lorem ipsum lorem feugiat possim et. Accumsan at dolores. Sit dolor lorem blandit consetetur ipsum erat dolores et. Sit diam lorem sit rebum et in vulputate zzril. Aliquam eu sea.\n","pageCount":800,"excerpt":"No qui amet vero nonumy diam accusam at dolore iriure duo ad. Eirmod eos esse. Consetetur duis eu in eum dolor et rebum sea eos sit sed aliquyam lorem dignissim vero. Voluptua ea aliquyam diam amet nonumy erat dolores esse ipsum dolor voluptua ea est dolor sit delenit sed. Gubergren no justo sed tincidunt ipsum suscipit gubergren sadipscing no et et sit at qui sed dolor et stet. Clita duo gubergren praesent adipiscing at at ea. Erat placerat et sanctus kasd stet ullamcorper at in kasd amet dolor et lorem gubergren. Magna dolor sadipscing esse erat tation dolor duo. Tation vulputate volutpat clita eum duo laoreet vero. Dolore euismod gubergren dolores sed et eirmod exerci iusto clita nobis dolore sed praesent invidunt consetetur. Et consectetuer lobortis ipsum lorem erat. Consetetur lorem dolor. Labore id nulla magna veniam diam autem sed ipsum rebum. Ea magna sea erat iriure accusam mazim tincidunt duo elitr takimata te eum assum duo suscipit eirmod. Dolore ipsum stet invidunt takimata. Takimata illum hendrerit dolor duis sit sadipscing dolor eirmod elit accumsan. Lorem facilisis eum.\nQuod accusam diam accusam. Sit kasd sed ipsum sed at dolore invidunt accusam autem elitr. Laoreet dolore amet stet magna lobortis ut dolore magna ipsum duo ut tation. Esse ut sed iusto aliquam et eos. In erat lorem dolores sit aliquyam. Nisl dolor sadipscing ut magna sit justo at erat est invidunt. Luptatum tempor aliquyam eirmod illum vero sit gubergren rebum diam no consetetur exerci ipsum nonumy mazim aliquyam amet kasd. Facilisi facilisis in diam sit est sed velit. Elitr magna sed elitr consequat vel consequat aliquyam at et consetetur dolores erat sadipscing eos dolor amet. No vel rebum ea eos duis. Feugiat lorem augue. Sed magna eum hendrerit laoreet accusam invidunt aliquyam illum adipiscing sit. Velit illum elitr sit ipsum ipsum tincidunt autem exerci sit. Aliquyam amet gubergren delenit at tempor eirmod kasd ipsum dolore magna accumsan feugait aliquip ex.\nId wisi sea sadipscing sanctus consequat tempor dolor nonumy takimata dolor sanctus commodo. Tempor magna lorem et ea dolores labore eos sadipscing sanctus diam duo et. Consetetur at gubergren duis stet lorem ipsum soluta stet labore in gubergren.\nGubergren accusam tempor assum tempor id sed takimata tempor diam nisl sadipscing tempor ipsum aliquyam tempor. Eirmod ut dolor sea aliquyam sit et amet feugiat assum praesent magna eos elitr nulla. Gubergren sit sit. Et clita illum et vulputate at sed lorem duo vero dolore nam eu ea kasd commodo eirmod takimata. Elitr exerci tempor et facilisis ipsum id magna et et duis. Sadipscing sanctus congue. Duis invidunt nam eu option no gubergren ad possim diam aliquyam est sit diam. Nulla sed ut justo. Dolore sanctus tempor sed sed elitr wisi at illum ipsum iusto consetetur diam vulputate aliquyam consetetur sed vel. Dolore dolore ipsum sanctus lorem esse sit molestie erat. Takimata dolor dignissim voluptua labore vulputate nam at et commodo sanctus duo elit consetetur sanctus vero kasd ipsum dolore. Erat elitr kasd kasd.\nKasd qui invidunt invidunt lorem duo. Magna duis elit diam lorem lorem rebum justo dolor congue. Diam vulputate feugait no consetetur id magna.\n","publishDate":"2021-09-01T02:29:56.3221714+00:00"},{"id":9,"title":"Book 9","description":"Elitr velit diam vel dolor tincidunt sit stet takimata. Sanctus dolore sadipscing eirmod. Ut dolores ea ipsum ipsum duo. Kasd rebum justo hendrerit placerat stet rebum elitr et sanctus sit stet quod sed ut. Tempor dolor justo eos amet gubergren adipiscing ut et sed vulputate sit accusam consectetuer. Diam enim tempor hendrerit sed nonumy. Sea sit diam clita ut. Dolores labore facilisi accusam consetetur at no amet. Lobortis stet labore lorem dolore dolor ipsum. No labore odio nulla ut diam. Facilisi sit qui dolor sit. Diam et sed diam. Amet kasd eos sanctus vero accumsan et et sea in takimata dolores et lorem takimata diam aliquyam erat. Soluta duo vero veniam sit dolore eu clita consetetur nibh iriure vel eros elitr sea sea dolor et. Vero consetetur amet diam invidunt. Tincidunt amet lorem erat qui erat ipsum et dolor kasd gubergren justo justo nulla et. Justo sanctus congue rebum lorem praesent magna est in iriure et sit no dolor delenit erat iusto. Sed rebum dolor magna kasd ipsum in lorem sed sed liber sed ea.\n","pageCount":900,"excerpt":"Dolore et illum magna et soluta nonumy eos possim eirmod nam labore ea kasd et at. In sea voluptua et clita takimata lorem. Elitr takimata ipsum nonumy magna ipsum et dolor clita eirmod. Sit ut sit facilisi et vero est. Accusam invidunt consectetuer lorem dolore justo commodo justo diam. Invidunt gubergren dolor et sadipscing. Justo amet nisl dolore dolores duo sed dolor diam invidunt. Dignissim nonumy eos imperdiet dolore invidunt stet et facilisi eirmod ea feugait elitr ut lorem. Justo nonumy tempor feugiat ipsum consetetur rebum et invidunt diam kasd dolor duo dolores. Aliquyam et magna amet delenit duo clita et feugait lorem consetetur est. Accusam dolores nulla erat ex. Diam molestie eos et elitr tincidunt sanctus te luptatum iusto dolores vel invidunt rebum. Nostrud ipsum elitr illum tempor eros.\nOption ut amet accusam consetetur in. Possim lorem et sit lorem. Sadipscing no stet lorem voluptua autem aliquyam sit. Nisl ipsum vero ea suscipit erat stet labore esse dolores diam ea voluptua accusam elitr erat dolor dolor. Sit lorem est sed eum dolor kasd ipsum eros voluptua ut sed commodo. Autem consetetur justo amet vero sit option elitr quod nonumy labore sed consetetur dolor sit gubergren. Dolor justo ipsum eirmod justo sea diam eros odio tempor et nonumy accusam nonumy ullamcorper ea at. Vero erat amet sit rebum tempor erat.\nTempor iriure eirmod et. Et nonumy feugiat nonumy eros tempor. Vel consetetur ipsum ipsum ea est sed nibh ipsum luptatum dolor sadipscing lorem lorem nonumy eirmod accumsan lorem. No labore eleifend lorem nisl no eros erat in takimata ea wisi consequat sanctus kasd lorem eirmod aliquyam magna. Amet sadipscing tempor tempor sed sea sanctus justo diam kasd.\nIpsum vel ut eos voluptua eirmod sadipscing diam dolor accumsan facilisis. Sit et aliquip sanctus stet diam et justo labore eirmod sit et tempor aliquyam aliquam aliquyam dolore esse. Rebum magna sed diam iriure ea eirmod. Et diam elit diam aliquyam vulputate dolore tempor eu. Eros erat vero augue no. Et ut vero et amet lorem accusam. Sit dolor amet clita iusto dolores accusam justo assum elitr magna qui ea in gubergren. Justo et amet minim ea dolor consectetuer dignissim labore magna. Et sit et augue stet nonumy takimata sit aliquyam eros diam dolor aliquyam ut duo eos eros. Sea elitr diam assum eum nonumy labore sea lorem. Dolore takimata eirmod kasd gubergren feugait magna sadipscing. Sanctus aliquyam sit sanctus amet ipsum autem voluptua esse qui gubergren dolore consetetur consectetuer. Dolor vero takimata eos. Dolore amet accusam duis sit accusam ut et amet elitr. Vel doming lorem dolores nulla stet at. Invidunt blandit lorem gubergren lorem lorem. Duis facilisis tempor nulla voluptua nonumy invidunt duo vulputate tempor ipsum et diam lorem diam accusam duis.\nSanctus eos diam lorem molestie vero dolores justo dolore eu sed consequat lorem no hendrerit duo no rebum nulla. Eu sit at ipsum nonumy. Eos elitr eos kasd dolor erat sit consetetur. Erat nulla dolores ad facer et at aliquyam kasd no elitr. Et sit facer volutpat sed vero no lorem amet gubergren nulla volutpat sit feugiat lorem at. Rebum illum no iusto sit ex eos suscipit eu at diam qui dolore amet lorem nonumy dolor sadipscing. Et magna dolor molestie justo magna kasd minim invidunt dolores. Dolore euismod elitr magna sed justo ea feugiat duo veniam hendrerit vero takimata ut consetetur diam sit et illum. Nam dolor nobis stet consetetur qui. Erat in dolore invidunt rebum eirmod. Eleifend clita magna consetetur facer at minim at nonummy feugiat labore et blandit sadipscing no elit lorem molestie. Odio diam eirmod in odio congue et elitr eirmod tempor sed lorem dolore dolor et duo. Stet lorem eu lorem dignissim eos.\n","publishDate":"2021-08-31T02:29:56.3222575+00:00"},{"id":10,"title":"Book 10","description":"Velit sanctus diam tempor commodo. Duo dolor facilisis no eos lorem et. Voluptua autem consetetur exerci nulla eos. Sanctus ut velit takimata ipsum soluta duo ut ex dolor aliquyam kasd diam eu duo lorem eirmod stet nonumy. Nostrud vero elitr zzril. Et sea dolor sed aliquam. Tempor ut elitr sanctus consetetur magna et ea. Minim vel diam voluptua feugiat dolore. At ea at justo kasd iriure ipsum elitr. Amet sit aliquam sea labore augue et aliquam voluptua sed hendrerit nisl sit clita sed stet diam.\n","pageCount":1000,"excerpt":"Ipsum magna in vero elit eos minim eum et dolore at amet magna ut diam accusam hendrerit accusam tempor. Blandit takimata sed kasd molestie possim nonumy sit qui. Voluptua zzril at lorem labore. Vulputate at placerat liber quis elitr. Sit lorem et nobis iriure dolor sed invidunt clita elitr consetetur lobortis. Takimata vel diam vero cum diam est eirmod cum dolore ipsum et. Euismod et sit invidunt sit vel lorem luptatum veniam accusam duo consequat dolor kasd dolore et nonumy dolor. Eirmod ut voluptua takimata takimata et sit ad diam voluptua. Sit dignissim invidunt takimata erat sea ad sit wisi diam blandit et. Dolor nonumy dolor sit aliquyam diam adipiscing invidunt vero tation amet. Accusam et iusto invidunt et et facer ut assum dolor erat justo dolor et delenit. Sadipscing liber aliquyam ut tation. Sit ut erat duo no ipsum labore stet et magna dolores ullamcorper justo eirmod ad erat. Nonumy in ut molestie sadipscing sit. Sit amet consetetur quis voluptua eos hendrerit.\nClita dolor ut. Amet vero kasd ipsum duo clita consetetur lobortis et ipsum dolores accusam dolores eros ut takimata dolore eum. Lorem no dolor feugait vulputate. Nonumy stet dolores et autem nonumy dolor consetetur takimata lorem duo sadipscing nostrud. Ut praesent labore diam facer ut sit dolor et sed duis justo justo ut vulputate duo magna aliquyam. Cum et amet nisl est diam eirmod quis option voluptua diam nonumy takimata ex dolor sit consequat in lorem. Et lorem tincidunt. Consectetuer dolores sea at dolor. Justo et justo dolores. Gubergren erat ut invidunt nonumy et amet consequat. Kasd tempor labore consetetur ut dolore dolore elitr et accusam cum labore dolor lorem.\nVoluptua esse nulla feugait sanctus nonummy te facilisi accusam lorem et quis accusam. Invidunt erat et et invidunt ipsum et ut nonumy magna. Diam eros sed clita tempor dolores est. Accusam in sed at. Dolor magna dolores.\nTation dolore feugiat. Autem accumsan et lobortis sit elitr ipsum diam lorem sadipscing takimata duo kasd nisl eum sed voluptua aliquip ut. Eu amet nonummy diam eos vel dolor nostrud ex feugiat. Mazim kasd ipsum aliquip no eleifend lorem accusam sed duo et et molestie gubergren amet et tempor. Amet ipsum dolor duis sit gubergren diam quis justo lorem clita gubergren volutpat takimata eros. Tempor sit at aliquyam stet facilisi et sed ut sanctus illum amet nonummy dolores dolore duo et ullamcorper eirmod. In invidunt ut sed duo aliquyam nibh et feugait in sit vel molestie feugiat voluptua. At tempor clita ad ipsum quis. Te ut eirmod eu diam cum lorem et dolor illum vero. Facilisi sadipscing tempor lorem ipsum consequat consequat sed tempor ipsum at vero et ea consetetur nisl no.\nAccusam aliquyam lorem. Adipiscing gubergren et. Elit erat sanctus kasd vel justo sed amet quis est est ea kasd sadipscing facilisi laoreet. Est labore volutpat tincidunt feugait clita blandit delenit ipsum sit duo eirmod vero ipsum blandit eirmod feugiat.\n","publishDate":"2021-08-30T02:29:56.3223214+00:00"},{"id":11,"title":"Book 11","description":"Voluptua no dolor illum magna gubergren gubergren diam ea. Iriure ipsum ut sit nibh feugiat et vel invidunt magna placerat doming nibh sed elitr et. Hendrerit eos consetetur voluptua accusam no rebum diam ea ullamcorper et eirmod no aliquam zzril vel eu. Lorem vero sed magna sed nobis sit sanctus est nisl. Erat accusam sanctus nonummy et diam dolores no possim aliquyam sanctus. Accusam nonumy eum sea luptatum facilisis. Autem diam et nisl ullamcorper aliquam erat ut kasd et ipsum tempor ea. Dolor erat iusto vero ipsum dolores. Ea accusam dolor ut eleifend ad voluptua quod no iusto kasd sit et lobortis. Justo magna gubergren aliquip. Labore vulputate quod elitr ea amet dolores est takimata.\n","pageCount":1100,"excerpt":"Takimata luptatum voluptua duo amet mazim dolor tempor ex praesent voluptua no diam dolore. Sanctus praesent enim stet invidunt in gubergren exerci et nulla et euismod vel ullamcorper vero eos nonumy diam. Ea invidunt exerci accusam labore stet stet gubergren nonumy kasd sadipscing diam ut voluptua in diam elitr magna amet. Sea duo nonumy et et sea magna magna. Eirmod justo sit et aliquyam ipsum sed. Sed diam invidunt dolore et.\nEt euismod erat qui dignissim autem. Vero eirmod nonumy invidunt vel amet feugiat et dolor sed sed amet volutpat erat eos dolor. Qui rebum nonummy vero ea clita vel magna stet labore dignissim no nulla et ea. Stet dolor labore. Sit eu ut hendrerit et sit no at est nonumy sit gubergren duis ea et vero et. Minim dolor diam et. Magna adipiscing duo nonumy praesent blandit eirmod voluptua est duo sit sit vero. Elitr sed gubergren ea dolor diam consectetuer sanctus rebum amet clita molestie veniam. Augue erat duis elitr nonumy stet diam. Ipsum vero consequat labore erat at gubergren dolor. Clita dolor diam kasd.\nQuis dolore sadipscing et eos. Lobortis erat voluptua dignissim rebum at nisl nonumy eirmod sed sit vel erat et magna est. Hendrerit at vero et eos nonumy aliquam kasd nulla sit sadipscing consequat labore. Vero nonumy eleifend minim ipsum sed amet dolor. Ea ipsum amet magna consectetuer ullamcorper et erat erat duo sed amet sea nonumy augue elit nonumy consetetur est. Dolores amet sed dolores te lorem sea lorem voluptua. Gubergren tincidunt dolores sed quis accusam dolore et est autem ex diam labore lorem. Sit et et est amet vulputate dolor invidunt aliquam esse molestie ut nonumy gubergren veniam et. Feugiat vero amet dolor consequat nulla suscipit dolores nihil sit hendrerit et. Sit voluptua diam. Et aliquyam consequat nonummy sed accusam no kasd dolor elitr veniam mazim. Accumsan velit dolor tempor eirmod elit sanctus autem et veniam sed et invidunt sadipscing lorem dolore invidunt sed voluptua. Eirmod volutpat justo dolor sed sed et vel ipsum stet praesent at. Dolore eos liber tempor sit imperdiet. Dolor sit dolor magna gubergren rebum at et kasd justo et. Ipsum dolor elitr lorem no justo ad sit et sanctus tempor.\nSadipscing consequat elit luptatum laoreet no eum blandit sanctus ex. Lorem voluptua tincidunt lorem et lorem dolor sit ut duis. Dolore diam aliquyam ut sanctus ut et facilisis. Dolore et accusam lorem sadipscing ipsum lorem sit tempor justo consetetur sit. Facilisis kasd voluptua rebum molestie ut eos et amet justo sed clita dolore quis dolores.\nCongue diam duo illum duo dolor amet consetetur aliquam sanctus nonumy dolores lorem erat sed. Stet rebum justo eos ea dolor vero ullamcorper at gubergren sanctus lorem ex sed. Est lobortis magna erat gubergren dolor magna lorem tempor. Consectetuer ea consetetur sea molestie sadipscing feugiat amet qui at sanctus invidunt sanctus vulputate sadipscing dolore eirmod ullamcorper. Sit sit sed amet. Eirmod et voluptua.\n","publishDate":"2021-08-29T02:29:56.322389+00:00"},{"id":12,"title":"Book 12","description":"Aliquyam sit dolor duo lorem sed ea sit ea ex tincidunt ut ipsum mazim diam ipsum. Et nonumy sed diam veniam sed eleifend nulla dolor ipsum dolor sed dolore molestie voluptua feugiat amet elitr diam. Sadipscing et nulla aliquyam gubergren eirmod delenit dolores lorem clita feugait sadipscing sit duo eos diam nonumy.\n","pageCount":1200,"excerpt":"Aliquam ipsum euismod sea justo eos dolor sea et eu ut ipsum dolore aliquip lobortis. Quis tincidunt dolor consectetuer labore tempor et in sit vulputate in possim. Zzril no facilisi veniam kasd est eirmod. Sit eirmod sanctus kasd velit eos dolores et et eum magna et sed dolore eirmod no vel. Kasd ut ea lorem. Justo diam et rebum molestie magna aliquyam exerci iusto aliquyam aliquyam diam gubergren quis duo. Duis rebum feugait ut eirmod at ut dolores amet justo molestie ex. Et vero quis placerat no voluptua et. Feugiat dolore luptatum augue erat rebum dolores. Takimata molestie elitr nonumy no sadipscing dolor ut. Erat sed ipsum clita eirmod no magna sit voluptua. Illum sit voluptua kasd nonumy kasd sit dignissim at consequat elitr tempor in iusto iriure velit accusam dolore rebum.\nSed assum dolor elitr voluptua lorem ipsum in accusam consequat no aliquam illum voluptua assum diam. Magna ea eirmod ea et accusam sadipscing sit volutpat eos assum clita dolor duo erat esse lorem in stet. Invidunt et facilisi magna tation takimata sed takimata ipsum dolores aliquyam lorem. Eos tempor dolores. Accusam diam ea kasd commodo clita. Gubergren justo veniam. Et ut ex duo. Et ut eos amet ea ut facer ipsum et dolore et et tempor amet no labore rebum. Ipsum nonumy veniam kasd dolores et consequat amet voluptua diam rebum sed takimata et sed feugiat lorem sea. Duo dolor tempor amet nulla dolores sit kasd at et et consetetur no kasd laoreet lorem.\nSit sadipscing adipiscing dolor diam gubergren laoreet amet invidunt tempor stet lorem tation dolores qui. Facer rebum nonumy erat nonumy sanctus sed. Ut dolor nostrud facilisi mazim in lorem dolor accumsan id ut te facilisi amet dolor dolor feugait diam nihil. Tempor dolor voluptua feugait no sea ut duo et dolor clita magna eirmod diam et elit te et dolor. Kasd ex aliquam dolor feugait sit. Sit sanctus illum id accusam iriure nisl sit iusto. Justo elitr stet lorem magna sit takimata et sit. Stet feugait dolor voluptua stet eos dolores in est in vulputate in lobortis consetetur duo voluptua. Nisl magna dolore nulla takimata et sanctus eum stet sanctus sea commodo aliquyam ipsum lorem. Te diam tempor qui tempor amet consetetur clita lorem justo sadipscing ipsum clita voluptua laoreet ipsum duo. Amet qui tempor est. Est et volutpat tation ipsum erat. Kasd no eirmod tincidunt kasd elitr accusam amet eros sit rebum dolor amet eirmod erat eleifend. Voluptua lobortis est. Kasd vero no vero ea. Nonummy elitr erat eos consetetur. Tempor aliquyam eros takimata diam ipsum at. Voluptua sea rebum magna te amet amet euismod est sit erat facilisis sit est et diam. Invidunt vel sit minim sit ut dolor eirmod diam amet at.\nEirmod sed option nostrud sea feugiat invidunt lorem sed invidunt stet autem tation nostrud nulla euismod. Volutpat sit ea vulputate et facilisis vero sed sed no lorem vero erat diam vel. Justo aliquip nisl eos ullamcorper ipsum laoreet sed voluptua justo lorem amet autem eos at at gubergren. Duis gubergren eos at at consectetuer elit sea eos hendrerit dolores est ipsum dolor lorem. Tempor dolor gubergren nobis suscipit doming dolor et rebum. Vero elit volutpat delenit dolor dolor wisi est sadipscing. Et elitr rebum diam justo. Eirmod vero consequat lorem dolor et et ipsum blandit consetetur et no ipsum congue dolore. Ea amet invidunt eirmod sadipscing duis velit nihil blandit facilisis no labore erat dolore ut stet et facilisis eos. Nonumy delenit dolor sanctus illum eirmod clita voluptua lorem eos luptatum nibh vero nobis labore exerci. Aliquam et no sed et elitr tempor vero. Sit dolor kasd dolores dolor at te gubergren accusam lorem gubergren ut. Amet stet sit nulla tempor iusto invidunt. Elitr hendrerit luptatum commodo dignissim cum et ut eleifend lorem te labore commodo duis tincidunt accusam et.\nInvidunt aliquyam sed lorem wisi lorem labore eirmod takimata lorem diam. Clita clita lorem tempor clita diam et sadipscing et voluptua duo sanctus duo facilisis. Tation ut sea dolores diam magna justo dolore. Magna sed dolores ipsum diam et. Et takimata eu mazim sed dolore dolores invidunt rebum lorem dolores vel stet nonumy gubergren dolores. Ullamcorper nonumy ipsum feugait sed ea tempor sit. Enim clita labore ut. Voluptua clita qui luptatum tempor est duo amet sed magna dolores. Tempor voluptua sed. Dolore labore sed ea tempor elitr ut dolore in sit stet sed ut. Dolores sed eos sanctus duo ut at nisl aliquip. Rebum nibh volutpat justo lobortis ut gubergren gubergren lorem diam aliquip et delenit iriure ipsum dolore in magna ipsum. Minim aliquyam sed gubergren duo sed feugiat lorem ipsum.\n","publishDate":"2021-08-28T02:29:56.3224774+00:00"},{"id":13,"title":"Book 13","description":"Lorem erat sit dolor et rebum kasd takimata imperdiet. Consequat sadipscing sed no invidunt rebum rebum est diam sed nisl sit. At duis imperdiet dolores accusam takimata sanctus duis ipsum eros. Est diam erat amet blandit sit accumsan sadipscing accusam sit. Commodo duis soluta dolor rebum clita et erat duo sed amet et justo elitr magna eros sadipscing labore sit. Sea et iriure lorem tation. Et molestie eu stet facer accusam ipsum dolore lorem vero dolore eu duo ea at dolore illum nibh. Est voluptua dolor aliquyam ipsum nonumy hendrerit ut lorem vulputate. Consequat justo commodo sanctus aliquyam ut sea invidunt labore delenit sed. Sit blandit eleifend facer sadipscing magna mazim duo ipsum sea illum erat molestie kasd vero facilisis. Ut euismod erat labore diam gubergren vero. Erat dolore labore nonumy consequat eirmod eum sed duo aliquyam amet dolore duo et magna justo soluta ipsum est. Ut et sanctus et in dolore ea. Takimata tempor duis clita feugiat invidunt diam accusam. Vel dolores justo erat dolore gubergren vulputate lorem tempor. Erat sit et illum option sea invidunt gubergren. Dolor enim sit elit consectetuer voluptua diam veniam gubergren labore clita sit labore sit elitr voluptua dolor. Ut feugait rebum justo accusam iusto magna.\n","pageCount":1300,"excerpt":"Facilisis ut eos eirmod dolores at tincidunt tincidunt sanctus ipsum est dolor hendrerit. Assum aliquip invidunt ipsum quod diam dolor sanctus dolor dolor sanctus vel consetetur duo labore sea. Ipsum lorem no justo volutpat duo lorem eos laoreet sadipscing. Luptatum magna blandit lobortis labore placerat odio ut sit tempor. Eos amet voluptua lorem consectetuer amet justo sea in justo dignissim in. Option kasd illum magna odio dolore justo tempor consetetur in esse sed accusam invidunt sed kasd.\nAmet vero labore enim zzril tempor duo facilisis duo. Est kasd eos. Eirmod diam justo est ut invidunt nulla invidunt. Ipsum vero accusam sadipscing dignissim dolore ex aliquip eleifend feugiat diam ut consequat no justo. No clita ut ut et feugiat no ut amet est clita mazim eros erat lorem et ea. Diam dolor sit clita lorem diam tincidunt aliquyam nam quis facer ut erat. Ipsum labore ea exerci sit takimata nonumy odio eirmod dolore iusto duo option eirmod. Dolor lorem sed gubergren justo eirmod ex gubergren eum at gubergren eleifend. Vero ipsum ut aliquyam dolores nulla et sea consequat clita augue et kasd placerat elitr. Vero stet voluptua dolore aliquam invidunt stet duo hendrerit diam dolores nonumy. Lorem facilisi tincidunt nonummy eros sea dolores dolor magna sadipscing duo stet nonumy accusam et rebum. Lorem lorem clita illum tempor diam amet magna amet. Eum nibh eos labore. Nonumy ea erat ipsum accumsan sit assum sed liber in lorem dolor hendrerit.\nDiam et amet facilisi praesent suscipit et et tempor dolores at ipsum euismod gubergren consequat feugait erat. Kasd at liber dolor labore labore ea diam. Diam dolores ea diam dolores sadipscing eu eos amet ipsum vulputate praesent lobortis tempor tempor justo aliquyam. Tempor lorem consetetur diam amet dolores ea eros accusam nonumy vero in justo aliquam sed at gubergren. Ipsum congue justo aliquyam vero aliquyam facilisis invidunt kasd ut gubergren veniam dolor. Rebum amet elitr et ut duo dolor sadipscing. Praesent amet duo molestie magna eum.\nDuo voluptua kasd eros diam. Amet diam et dolore blandit magna et dolore. Voluptua sed duis amet vel voluptua sit et elit aliquyam erat suscipit laoreet imperdiet duo. Et clita elit nulla elit clita magna consequat justo sit lobortis. Et duo quis dolor accusam rebum wisi rebum tincidunt sit diam at molestie zzril clita. Kasd erat dolore aliquip. Magna dolore diam ut consectetuer sit sed invidunt vel lorem enim ut est accumsan sanctus enim et. Molestie magna lorem invidunt ipsum ea duo vel ipsum tempor. Ut diam zzril et rebum et sit sanctus elitr et justo mazim dolor diam duis sea in.\nTempor sea dolores feugiat justo wisi sed et. Dolore invidunt nulla nibh dignissim accusam dolor clita et nulla est. Consectetuer sed voluptua lorem erat dolor diam esse delenit sea consequat ut ea dolor. Et accusam sed amet ipsum diam eum dolores sit ipsum. Stet kasd kasd dolores vero ipsum in elitr laoreet eos ipsum facilisis diam diam invidunt ut ea. Veniam eirmod sed ullamcorper takimata accusam nostrud amet zzril tempor. Elit volutpat stet duis velit ad facilisi doming tempor iusto aliquyam et volutpat. Elitr sit elit erat diam exerci nonumy diam dolor facilisi autem hendrerit sea dolor. Justo dolor facilisis lorem accusam te cum ut takimata volutpat dolore ut et at lorem takimata consetetur magna. Sadipscing luptatum nobis. Vel elit accusam elitr sit sea dolores accusam euismod et erat vulputate et sit amet augue sit. Ea duis eu tation gubergren sadipscing sit autem dignissim sed nonumy amet invidunt amet facilisis ut dolor. Tempor delenit nulla diam erat justo delenit kasd. Invidunt consetetur dolores elitr sit et ut minim dolores amet id. Clita consetetur odio accusam lorem feugiat et tempor tincidunt gubergren voluptua iriure vero vel erat accusam consequat magna. Amet tempor ipsum takimata id dolores nihil consequat augue.\n","publishDate":"2021-08-27T02:29:56.3225686+00:00"},{"id":14,"title":"Book 14","description":"Takimata luptatum dignissim lobortis zzril diam aliquyam suscipit amet aliquyam magna delenit erat sed. Justo labore sanctus dolore vero at eirmod nostrud diam dolor. At dolores hendrerit dolor consequat dolores lorem autem. Placerat duis tempor labore gubergren est vero et et et est est vel vel feugiat eos aliquam at vel. Diam ad sanctus at no nostrud dolor labore. Nulla laoreet amet diam stet illum ipsum dolores sadipscing duo labore at rebum elitr cum nulla. Justo tation erat ipsum et veniam stet est euismod no ut lorem consequat stet tempor labore. Ipsum facilisis diam clita et est takimata.\n","pageCount":1400,"excerpt":"Diam ex rebum id duis. Lorem sit at consetetur dolor diam odio eirmod dolores sed mazim in lobortis dolores labore clita ipsum. Clita gubergren lorem lorem quod dolores eros dolor ullamcorper erat erat. Ut eirmod sed sadipscing voluptua no eros. Clita dignissim nonumy magna dolor dolor sanctus sanctus. Lorem dolore minim sed consequat. Sed ea elit no ipsum velit est aliquam labore voluptua ipsum ipsum. Sit soluta eos ut ipsum gubergren labore velit blandit justo praesent minim sit magna. Eos te takimata invidunt sit clita consetetur nonumy magna ad vero autem delenit nam sanctus sit. Dolor consetetur diam dolore vel sit eu blandit gubergren facilisi tation ea duo et dolor est hendrerit autem. Eu nostrud te ea amet ut stet nulla et consetetur consequat gubergren. Sea consetetur est tempor rebum.\nEst et vulputate feugiat et ea. Eleifend voluptua eos sit eirmod vulputate duo magna nonumy. Ut amet sed commodo tempor voluptua sea sanctus iriure invidunt labore ea. Adipiscing lorem ea aliquam soluta at duo mazim duo clita autem sit consectetuer esse iriure imperdiet ut. Ipsum volutpat justo lorem. Voluptua kasd duo amet ipsum stet te. Est consequat ea voluptua eos accumsan. Vero ut lorem sed consectetuer. No amet no ipsum dolor ipsum sadipscing et et nulla dolore facilisis diam sit vel. Praesent sit clita kasd sea eirmod rebum justo veniam justo tempor ea gubergren ipsum kasd clita labore. Eos ea consetetur dolore vero labore sea duis duo dolores takimata accusam nulla dolore eirmod tempor dolores sea justo. Dolore et diam nonumy aliquyam dolores kasd clita diam tempor amet eu voluptua.\nSed facer lorem clita. Lorem blandit duo commodo diam takimata sea lorem esse vero accusam amet sadipscing. Accusam takimata aliquam ipsum dolore dolore veniam nulla tempor lorem dolor sanctus lorem. Amet rebum nulla duo et nulla stet commodo erat aliquyam dolores velit euismod sanctus no in consetetur sed. Sed et tation tempor dolore lobortis et ea minim. Gubergren esse velit diam clita erat amet labore kasd. Amet tempor rebum autem kasd labore erat kasd dolore eos possim. Volutpat kasd sadipscing hendrerit takimata tempor. Accusam sed ullamcorper feugiat kasd nulla in lorem sed sit est aliquyam magna. Dolores takimata velit ut duis consetetur tempor dolor aliquyam amet gubergren erat justo dignissim duis. Blandit sadipscing lorem ut clita quis duo sea et placerat exerci illum duo dolores consetetur iriure. Aliquam at sanctus eum eirmod duis est duo at vero lorem. Ut imperdiet ut et duo illum aliquip. Ea ut accusam luptatum et. Justo et lorem illum at vel et amet ea sit sadipscing volutpat eu lorem. Tempor at vel lorem et id at mazim et enim et nonumy.\nEirmod sadipscing dolores sed eirmod ut nisl et elitr. Dolores stet et eum sit. Eum diam stet aliquyam enim vulputate amet dolore dolore ea dolor elitr clita amet sed. Suscipit elitr lorem nisl accusam diam accusam sea kasd te stet duo lorem et duis.\nAt lorem vero et diam sadipscing gubergren et in augue amet. Et et dolores sed diam sit. Nonumy sanctus eu ex adipiscing lorem rebum in dolor.\n","publishDate":"2021-08-26T02:29:56.3226363+00:00"},{"id":15,"title":"Book 15","description":"Voluptua et sea euismod iriure clita ea. Sea ex sea aliquyam et nonumy no vel eu kasd eum nisl. Veniam adipiscing tempor nonumy enim dolor. Laoreet nibh sed lorem amet consetetur est gubergren enim ipsum accumsan sed illum aliquyam. Et sea sit dolor dolor. Vero iriure no duo te eum sanctus esse duis nonumy labore est. Odio volutpat et. Vel rebum kasd elitr elitr dolore option justo kasd ut. Et et eos erat sed vero dolor consequat et at. At sadipscing consequat amet et amet dolores lorem magna takimata no iriure sadipscing magna. Ipsum consetetur commodo diam lorem diam dolore dolor. Euismod nonummy est eos aliquip aliquyam sit lorem feugiat at sanctus et ea sea doming sit vero. Ut sed magna sit labore diam duo in dolores erat elit justo dolor. Duis eos amet voluptua dolores sanctus sit lorem dolore delenit lorem lorem sit nostrud. Est sit dolor magna nonummy lorem at at et ut dolore erat feugiat est consetetur sit amet. Voluptua stet et sed invidunt eirmod et sed facilisis dolor odio magna gubergren ea erat quod esse duo. Ea dolor ipsum sit aliquyam duo rebum invidunt erat ea kasd nulla erat iriure magna ipsum rebum invidunt. Nonumy dolore rebum no dolor velit mazim dolor nonumy magna consetetur magna justo ea dolores sanctus dolore dolor.\n","pageCount":1500,"excerpt":"Clita sanctus dolor erat eirmod sea dolore clita. Et dolor voluptua suscipit ea takimata accusam amet diam invidunt diam amet rebum. In duo kasd no duo ipsum labore assum tempor. Magna luptatum rebum dolores. Ea voluptua sea nonumy dolores ipsum qui dolor ut dolor dolor. Sit sit sanctus lorem voluptua in diam accusam delenit at. Aliquip diam takimata ipsum invidunt no takimata rebum iriure sit ipsum aliquyam lorem sadipscing est elitr in rebum. Labore eirmod dignissim vero consetetur tempor feugait facer dolore ea lorem at ut. Vero est lorem sit est aliquyam eirmod ea labore accumsan odio no id et consetetur diam amet est velit. Accusam illum et laoreet consequat veniam dolore elitr ipsum sit eos invidunt duo.\nUt aliquyam nostrud iriure invidunt dolor autem vel. Dolor clita dolor et sea ipsum erat diam sed qui et eirmod invidunt ut vero justo. Dolor lorem in et et amet at minim magna. Facilisis dolor ut aliquyam at accusam vel aliquyam id at duo labore consequat. Autem dolores voluptua. Ipsum eos eirmod consetetur veniam lorem at invidunt ipsum. Diam ut sanctus et.\nGubergren vel diam aliquip iusto hendrerit diam consequat ut sit. Nisl eos nonumy nonumy liber dolor consetetur dolor. Stet clita delenit hendrerit sed doming diam sed luptatum est ipsum ex eleifend vulputate ipsum. Id accusam sed. At minim diam at quis ea erat sea lorem amet eirmod erat et nulla ad eu ipsum. Ut nulla amet diam sea dolores accusam duo stet volutpat dolor tincidunt et eirmod. Justo diam dolore augue voluptua. Lorem commodo justo eros dolor gubergren. Elitr et et sit vel sed vero aliquam ut tempor nisl sit labore diam stet lorem invidunt esse. Magna lorem et et.\nRebum elitr duo duo duo et consequat et labore elit minim et justo. Nisl dolor invidunt et te sed dolor eirmod et sed dolore diam gubergren illum et. Aliquyam sit et possim ut consetetur iusto duo eu ut lorem commodo dolore et diam. Tempor gubergren dolore lorem exerci sed elitr gubergren lorem rebum nonummy iriure. Eos erat diam. Ipsum voluptua ea facilisis lorem rebum elitr ea sadipscing invidunt facer duo consequat. Ea illum ut. Minim sit dolor stet ipsum adipiscing molestie stet accusam. Aliquam est laoreet justo sanctus clita ut commodo laoreet ea accusam vel. Tempor sit sit suscipit accusam dolor rebum sadipscing amet clita lobortis.\nFeugait nulla ipsum. Elitr et takimata iriure consetetur enim cum ut accusam. Sanctus iriure ut odio euismod amet eirmod dolor ipsum accusam. Dignissim zzril erat. Amet dolor aliquyam vero vel no lorem eros nonumy no voluptua sit eum aliquyam minim no diam. Voluptua eos takimata illum stet no. Ut quis facer sit vero gubergren. Ea ipsum justo.\n","publishDate":"2021-08-25T02:29:56.3227281+00:00"},{"id":16,"title":"Book 16","description":"Sanctus sed diam sed consetetur no. Justo zzril quod tation ut invidunt sit rebum wisi. Invidunt ipsum vel minim nonumy enim. Elitr ut at congue dolore tempor ipsum gubergren amet consequat diam aliquyam diam gubergren no eirmod nam eos lorem. Dolor sit tempor dolore dolores nulla dolore tempor iusto rebum suscipit sit. Sit sed rebum ea tempor gubergren clita tempor ut accusam option kasd rebum gubergren dolores justo dolore. Tincidunt dolores amet. Sit consetetur amet sea sit consequat consetetur amet iusto duis et elitr nostrud. Sit tempor in lorem consectetuer vel eum duo est. Et et elitr autem est vero ipsum aliquyam ipsum blandit accusam fac
[...]
<kw name="Length Should Be" library="BuiltIn">
<arg>${RESPOSTA.json()}</arg>
<arg>${QTDE_LIVROS}</arg>
<doc>Verifies that the length of the given item is correct.</doc>
<msg timestamp="20210908 22:29:58.501" level="INFO">Length is 200</msg>
<status status="PASS" starttime="20210908 22:29:58.498" endtime="20210908 22:29:58.501"/>
</kw>
<status status="PASS" starttime="20210908 22:29:58.497" endtime="20210908 22:29:58.501"/>
</kw>
<status status="PASS" starttime="20210908 22:29:55.085" endtime="20210908 22:29:58.501"/>
</test>
<test id="s1-t2" name="Buscar um livro especifico (GET com livro especifico)">
<kw name="Requisitar o livro &quot;15&quot;" library="ResourceAPI" sourcename="Requisitar o livro &quot;${ID_LIVRO}&quot;">
<kw name="Get On Session" library="RequestsLibrary">
<var>${RESPOSTA}</var>
<arg>API</arg>
<arg>Books/${ID_LIVRO}</arg>
<doc>Sends a GET request on a previously created HTTP Session.</doc>
<msg timestamp="20210908 22:29:58.893" level="INFO">GET Request : url=http://fakerestapi.azurewebsites.net/api/v1/Books/15 
 path_url=/api/v1/Books/15 
 headers={'User-Agent': 'python-requests/2.26.0', 'Accept-Encoding': 'gzip, deflate', 'Accept': '*/*', 'Connection': 'keep-alive'} 
 body=None 
 </msg>
<msg timestamp="20210908 22:29:58.894" level="INFO">GET Response : url=http://fakerestapi.azurewebsites.net/api/v1/Books/15 
 status=200, reason=OK 
 headers={'Transfer-Encoding': 'chunked', 'Content-Type': 'application/json; charset=utf-8; v=1.0', 'Server': 'Kestrel', 'api-supported-versions': '1.0', 'Date': 'Thu, 09 Sep 2021 02:29:58 GMT'} 
 body={"id":15,"title":"Book 15","description":"Accumsan et veniam ipsum lorem consetetur et stet et takimata nisl molestie sit et consetetur. Elitr duis magna elitr te in feugiat labore magna no eros erat duis. Takimata ea rebum. Et vel et et stet sea et dignissim euismod magna clita sed consequat. Lorem wisi ut adipiscing euismod tempor takimata sanctus assum vero amet lorem vero eos. Sea dolore dolore sadipscing ipsum feugait. Hendrerit sit ipsum feugiat takimata kasd ea stet id blandit aliquyam molestie ut no eos ea. Et voluptua sadipscing nonumy duo. Dolores lorem nonumy takimata ipsum. Dolor voluptua ut sit feugiat stet et kasd zzril augue in ipsum dolores sit dolor dolore sanctus volutpat feugait. Tempor id amet at et. Nisl erat ut dolor diam praesent duo amet ipsum lorem et dolor sanctus in blandit invidunt labore rebum. Ipsum sadipscing vero labore eos eum amet diam erat labore et in.\n","pageCount":1500,"excerpt":"Amet diam delenit est vero. Ullamcorper aliquyam lorem sit lorem. Luptatum consequat volutpat dolor. Dignissim dolores euismod molestie diam amet magna. Clita amet duis sadipscing eirmod ea diam justo et dolor delenit dolor volutpat illum gubergren diam erat sadipscing. Rebum dignissim amet amet qui dolores lobortis et. Blandit sit accusam accusam erat odio consetetur no invidunt ad dignissim dignissim at. Accusam et et erat invidunt sit labore et. Et amet aliquyam lorem gubergren et sed amet aliquyam facilisis mazim labore consequat nonummy rebum aliquyam commodo wisi invidunt. Erat sadipscing suscipit sit duis eos iusto et nibh. Dolore et possim accusam vel tempor augue amet magna sed justo.\nNo vel nulla magna consequat duo sea. Magna facilisi congue dolor esse sanctus gubergren clita nonumy odio dolor ipsum dolor gubergren. Ex placerat iriure accusam blandit ea ipsum erat eos ipsum clita gubergren lorem. Ut nihil erat diam et amet no eirmod erat elitr odio et eirmod diam nonumy est eirmod ipsum kasd. Sanctus stet eu sanctus gubergren. Nonummy eirmod euismod te iriure vulputate. Erat aliquip option eu stet takimata. Soluta kasd eum sit et erat amet sea consequat elit invidunt magna amet tempor lorem. Autem hendrerit ut aliquyam lorem sit elit eos dolore gubergren sed invidunt takimata dolor esse veniam ipsum lorem feugiat. Et aliquyam molestie magna lorem elitr soluta eos vulputate elitr sanctus. Eos placerat invidunt magna takimata no volutpat tempor. Wisi eirmod voluptua gubergren clita possim nonumy nonummy. Dolor sed erat amet eos takimata dolores rebum ea takimata amet erat accumsan dolor invidunt dolor ipsum autem liber. At ipsum odio iusto erat sadipscing ea et. Sit at invidunt sea duis magna lorem dolor dignissim accusam elit consetetur voluptua labore sanctus. Gubergren gubergren dolore rebum luptatum nulla. Erat feugiat labore eos sit tempor rebum dolor est enim et nisl augue justo et.\nVoluptua labore at. Nonumy labore kasd duo at sit takimata sed feugiat kasd takimata sed. Dolor lorem invidunt stet accusam ipsum feugiat stet doming. Diam eirmod lobortis sit elitr ut. Sea facilisis duis diam placerat ipsum invidunt ipsum ipsum sit dolor aliquyam volutpat et no takimata gubergren sed amet. Eirmod labore eirmod dolores nulla adipiscing suscipit mazim amet lorem dolor esse tempor erat tincidunt facilisis diam dolore. Dolor voluptua labore et elitr quod congue dolor lorem illum dolor dolor sed minim.\nFacer amet et in ea consequat augue magna sit. Labore no clita no eu nibh euismod. Eos no euismod blandit labore esse tempor dolore aliquam lorem aliquyam. Labore est at. Id et diam et rebum invidunt qui molestie nostrud eirmod rebum sit erat ad id eirmod consequat. Et nonumy gubergren velit sea veniam amet magna nisl sadipscing volutpat elit. Wisi wisi erat vel eu ex sea accusam sadipscing dolore labore gubergren esse diam justo accumsan sea. Lorem eirmod eros nam laoreet. Erat illum elit voluptua amet vel eros minim zzril ipsum duis congue at ipsum at stet in facilisis accusam. Justo erat dolores. Et dolore eos amet sit rebum amet lorem ipsum. Amet ut voluptua lorem sit magna nonumy esse sit hendrerit no possim exerci et sed. Gubergren sed aliquyam vero facilisis erat adipiscing sea magna dolore te nam ut esse stet kasd. Elit amet cum invidunt duo dolores tempor ut elitr feugait eos at elitr wisi. Ea ut nonumy sadipscing ea consequat sit labore feugiat kasd.\nDiam et tempor sea accusam et aliquyam invidunt ipsum ut amet voluptua diam lorem tation. Rebum consetetur stet aliquyam molestie dolores. Mazim dolor sed eos sed duis aliquyam iusto est ipsum magna justo amet sit. Ea vero quis velit dolore diam qui accusam enim in elitr lorem eum ipsum. Erat aliquam volutpat justo sanctus invidunt. Rebum tation lorem elitr at no justo sit ut consequat voluptua nulla dolor eros blandit. Blandit invidunt justo eos eos dolores hendrerit dolore ea. Labore duis nostrud. Facer sit ex dolor sit et tempor amet hendrerit eirmod stet. Dignissim justo adipiscing eu kasd illum rebum eros sit sed wisi vulputate dignissim. Takimata takimata sed. Accusam sed illum diam amet diam et labore sit diam magna eirmod et. Eos ex volutpat tempor luptatum sit est sed ut diam mazim stet lorem et dolor vero lorem. Amet lorem velit lorem. Nulla amet magna sea vero rebum stet accusam eos vel at lorem placerat amet.\n","publishDate":"2021-08-25T02:29:58.8006162+00:00"} 
 </msg>
<msg timestamp="20210908 22:29:58.894" level="INFO">${RESPOSTA} = &lt;Response [200]&gt;</msg>
<status status="PASS" starttime="20210908 22:29:58.502" endtime="20210908 22:29:58.894"/>
</kw>
<kw name="Log" library="BuiltIn">
<arg>${RESPOSTA.text}</arg>
<doc>Logs the given message with the given level.</doc>
<msg timestamp="20210908 22:29:58.897" level="INFO">{"id":15,"title":"Book 15","description":"Accumsan et veniam ipsum lorem consetetur et stet et takimata nisl molestie sit et consetetur. Elitr duis magna elitr te in feugiat labore magna no eros erat duis. Takimata ea rebum. Et vel et et stet sea et dignissim euismod magna clita sed consequat. Lorem wisi ut adipiscing euismod tempor takimata sanctus assum vero amet lorem vero eos. Sea dolore dolore sadipscing ipsum feugait. Hendrerit sit ipsum feugiat takimata kasd ea stet id blandit aliquyam molestie ut no eos ea. Et voluptua sadipscing nonumy duo. Dolores lorem nonumy takimata ipsum. Dolor voluptua ut sit feugiat stet et kasd zzril augue in ipsum dolores sit dolor dolore sanctus volutpat feugait. Tempor id amet at et. Nisl erat ut dolor diam praesent duo amet ipsum lorem et dolor sanctus in blandit invidunt labore rebum. Ipsum sadipscing vero labore eos eum amet diam erat labore et in.\n","pageCount":1500,"excerpt":"Amet diam delenit est vero. Ullamcorper aliquyam lorem sit lorem. Luptatum consequat volutpat dolor. Dignissim dolores euismod molestie diam amet magna. Clita amet duis sadipscing eirmod ea diam justo et dolor delenit dolor volutpat illum gubergren diam erat sadipscing. Rebum dignissim amet amet qui dolores lobortis et. Blandit sit accusam accusam erat odio consetetur no invidunt ad dignissim dignissim at. Accusam et et erat invidunt sit labore et. Et amet aliquyam lorem gubergren et sed amet aliquyam facilisis mazim labore consequat nonummy rebum aliquyam commodo wisi invidunt. Erat sadipscing suscipit sit duis eos iusto et nibh. Dolore et possim accusam vel tempor augue amet magna sed justo.\nNo vel nulla magna consequat duo sea. Magna facilisi congue dolor esse sanctus gubergren clita nonumy odio dolor ipsum dolor gubergren. Ex placerat iriure accusam blandit ea ipsum erat eos ipsum clita gubergren lorem. Ut nihil erat diam et amet no eirmod erat elitr odio et eirmod diam nonumy est eirmod ipsum kasd. Sanctus stet eu sanctus gubergren. Nonummy eirmod euismod te iriure vulputate. Erat aliquip option eu stet takimata. Soluta kasd eum sit et erat amet sea consequat elit invidunt magna amet tempor lorem. Autem hendrerit ut aliquyam lorem sit elit eos dolore gubergren sed invidunt takimata dolor esse veniam ipsum lorem feugiat. Et aliquyam molestie magna lorem elitr soluta eos vulputate elitr sanctus. Eos placerat invidunt magna takimata no volutpat tempor. Wisi eirmod voluptua gubergren clita possim nonumy nonummy. Dolor sed erat amet eos takimata dolores rebum ea takimata amet erat accumsan dolor invidunt dolor ipsum autem liber. At ipsum odio iusto erat sadipscing ea et. Sit at invidunt sea duis magna lorem dolor dignissim accusam elit consetetur voluptua labore sanctus. Gubergren gubergren dolore rebum luptatum nulla. Erat feugiat labore eos sit tempor rebum dolor est enim et nisl augue justo et.\nVoluptua labore at. Nonumy labore kasd duo at sit takimata sed feugiat kasd takimata sed. Dolor lorem invidunt stet accusam ipsum feugiat stet doming. Diam eirmod lobortis sit elitr ut. Sea facilisis duis diam placerat ipsum invidunt ipsum ipsum sit dolor aliquyam volutpat et no takimata gubergren sed amet. Eirmod labore eirmod dolores nulla adipiscing suscipit mazim amet lorem dolor esse tempor erat tincidunt facilisis diam dolore. Dolor voluptua labore et elitr quod congue dolor lorem illum dolor dolor sed minim.\nFacer amet et in ea consequat augue magna sit. Labore no clita no eu nibh euismod. Eos no euismod blandit labore esse tempor dolore aliquam lorem aliquyam. Labore est at. Id et diam et rebum invidunt qui molestie nostrud eirmod rebum sit erat ad id eirmod consequat. Et nonumy gubergren velit sea veniam amet magna nisl sadipscing volutpat elit. Wisi wisi erat vel eu ex sea accusam sadipscing dolore labore gubergren esse diam justo accumsan sea. Lorem eirmod eros nam laoreet. Erat illum elit voluptua amet vel eros minim zzril ipsum duis congue at ipsum at stet in facilisis accusam. Justo erat dolores. Et dolore eos amet sit rebum amet lorem ipsum. Amet ut voluptua lorem sit magna nonumy esse sit hendrerit no possim exerci et sed. Gubergren sed aliquyam vero facilisis erat adipiscing sea magna dolore te nam ut esse stet kasd. Elit amet cum invidunt duo dolores tempor ut elitr feugait eos at elitr wisi. Ea ut nonumy sadipscing ea consequat sit labore feugiat kasd.\nDiam et tempor sea accusam et aliquyam invidunt ipsum ut amet voluptua diam lorem tation. Rebum consetetur stet aliquyam molestie dolores. Mazim dolor sed eos sed duis aliquyam iusto est ipsum magna justo amet sit. Ea vero quis velit dolore diam qui accusam enim in elitr lorem eum ipsum. Erat aliquam volutpat justo sanctus invidunt. Rebum tation lorem elitr at no justo sit ut consequat voluptua nulla dolor eros blandit. Blandit invidunt justo eos eos dolores hendrerit dolore ea. Labore duis nostrud. Facer sit ex dolor sit et tempor amet hendrerit eirmod stet. Dignissim justo adipiscing eu kasd illum rebum eros sit sed wisi vulputate dignissim. Takimata takimata sed. Accusam sed illum diam amet diam et labore sit diam magna eirmod et. Eos ex volutpat tempor luptatum sit est sed ut diam mazim stet lorem et dolor vero lorem. Amet lorem velit lorem. Nulla amet magna sea vero rebum stet accusam eos vel at lorem placerat amet.\n","publishDate":"2021-08-25T02:29:58.8006162+00:00"}</msg>
<status status="PASS" starttime="20210908 22:29:58.895" endtime="20210908 22:29:58.898"/>
</kw>
<kw name="Set Test Variable" library="BuiltIn">
<arg>${RESPOSTA}</arg>
<doc>Makes a variable available everywhere within the scope of the current test.</doc>
<msg timestamp="20210908 22:29:58.899" level="INFO">${RESPOSTA} = &lt;Response [200]&gt;</msg>
<status status="PASS" starttime="20210908 22:29:58.898" endtime="20210908 22:29:58.899"/>
</kw>
<status status="PASS" starttime="20210908 22:29:58.502" endtime="20210908 22:29:58.900"/>
</kw>
<kw name="Conferir o status code" library="ResourceAPI">
<arg>200</arg>
<kw name="Should Be Equal As Strings" library="BuiltIn">
<arg>${RESPOSTA.status_code}</arg>
<arg>${STATUSCODE_DESEJADO}</arg>
<doc>Fails if objects are unequal after converting them to strings.</doc>
<msg timestamp="20210908 22:29:58.901" level="INFO">Argument types are:
&lt;class 'int'&gt;
&lt;type 'unicode'&gt;</msg>
<status status="PASS" starttime="20210908 22:29:58.901" endtime="20210908 22:29:58.901"/>
</kw>
<status status="PASS" starttime="20210908 22:29:58.900" endtime="20210908 22:29:58.902"/>
</kw>
<kw name="Conferir o reason" library="ResourceAPI">
<arg>OK</arg>
<kw name="Should Be Equal As Strings" library="BuiltIn">
<arg>${RESPOSTA.reason}</arg>
<arg>${REASON_DESEJADO}</arg>
<doc>Fails if objects are unequal after converting them to strings.</doc>
<status status="PASS" starttime="20210908 22:29:58.903" endtime="20210908 22:29:58.904"/>
</kw>
<status status="PASS" starttime="20210908 22:29:58.902" endtime="20210908 22:29:58.904"/>
</kw>
<kw name="Conferir se retorna todos os dados corretos do livro 15" library="ResourceAPI">
<kw name="Dictionary Should Contain Item" library="Collections">
<arg>${RESPOSTA.json()}</arg>
<arg>id</arg>
<arg>${BOOK_15.id}</arg>
<doc>An item of ``key`` / ``value`` must be found in a ``dictionary``.</doc>
<status status="PASS" starttime="20210908 22:29:58.905" endtime="20210908 22:29:58.906"/>
</kw>
<kw name="Dictionary Should Contain Item" library="Collections">
<arg>${RESPOSTA.json()}</arg>
<arg>title</arg>
<arg>${BOOK_15.title}</arg>
<doc>An item of ``key`` / ``value`` must be found in a ``dictionary``.</doc>
<status status="PASS" starttime="20210908 22:29:58.906" endtime="20210908 22:29:58.908"/>
</kw>
<kw name="Dictionary Should Contain Item" library="Collections">
<arg>${RESPOSTA.json()}</arg>
<arg>pageCount</arg>
<arg>${BOOK_15.pageCount}</arg>
<doc>An item of ``key`` / ``value`` must be found in a ``dictionary``.</doc>
<status status="PASS" starttime="20210908 22:29:58.908" endtime="20210908 22:29:58.910"/>
</kw>
<kw name="Should Not Be Empty" library="BuiltIn">
<arg>${RESPOSTA.json()["description"]}</arg>
<doc>Verifies that the given item is not empty.</doc>
<msg timestamp="20210908 22:29:58.910" level="INFO">Length is 859</msg>
<status status="PASS" starttime="20210908 22:29:58.910" endtime="20210908 22:29:58.910"/>
</kw>
<kw name="Should Not Be Empty" library="BuiltIn">
<arg>${RESPOSTA.json()["excerpt"]}</arg>
<doc>Verifies that the given item is not empty.</doc>
<msg timestamp="20210908 22:29:58.911" level="INFO">Length is 4362</msg>
<status status="PASS" starttime="20210908 22:29:58.911" endtime="20210908 22:29:58.911"/>
</kw>
<kw name="Should Not Be Empty" library="BuiltIn">
<arg>${RESPOSTA.json()["publishDate"]}</arg>
<doc>Verifies that the given item is not empty.</doc>
<msg timestamp="20210908 22:29:58.912" level="INFO">Length is 33</msg>
<status status="PASS" starttime="20210908 22:29:58.912" endtime="20210908 22:29:58.912"/>
</kw>
<status status="PASS" starttime="20210908 22:29:58.904" endtime="20210908 22:29:58.912"/>
</kw>
<status status="PASS" starttime="20210908 22:29:58.501" endtime="20210908 22:29:58.913"/>
</test>
<test id="s1-t3" name="Cadastrar um novo livro (POST)">
<kw name="Cadastrar um novo livro" library="ResourceAPI">
<kw name="Create Dictionary" library="BuiltIn">
<var>${HEADERS}</var>
<arg>content-type=application/json</arg>
<doc>Creates and returns a dictionary based on the given ``items``.</doc>
<msg timestamp="20210908 22:29:58.914" level="INFO">${HEADERS} = {'content-type': 'application/json'}</msg>
<status status="PASS" starttime="20210908 22:29:58.914" endtime="20210908 22:29:58.914"/>
</kw>
<kw name="Post On Session" library="RequestsLibrary">
<var>${RESPOSTA}</var>
<arg>API</arg>
<arg>Books</arg>
<arg>data={"id": 2424,"title": "Livro de Alberson","description": "Alberso books","ageCount": 25,"excerpt": "albersonfb","publishDate": "2021-09-09T02:10:46.927Z"}</arg>
<arg>headers=${HEADERS}</arg>
<doc>Sends a POST request on a previously created HTTP Session.</doc>
<msg timestamp="20210908 22:29:59.201" level="INFO">POST Request : url=http://fakerestapi.azurewebsites.net/api/v1/Books 
 path_url=/api/v1/Books 
 headers={'User-Agent': 'python-requests/2.26.0', 'Accept-Encoding': 'gzip, deflate', 'Accept': '*/*', 'Connection': 'keep-alive', 'content-type': 'application/json', 'Content-Length': '153'} 
 body={"id": 2424,"title": "Livro de Alberson","description": "Alberso books","ageCount": 25,"excerpt": "albersonfb","publishDate": "2021-09-09T02:10:46.927Z"} 
 </msg>
<msg timestamp="20210908 22:29:59.201" level="INFO">POST Response : url=http://fakerestapi.azurewebsites.net/api/v1/Books 
 status=200, reason=OK 
 headers={'Transfer-Encoding': 'chunked', 'Content-Type': 'application/json; charset=utf-8; v=1.0', 'Server': 'Kestrel', 'api-supported-versions': '1.0', 'Date': 'Thu, 09 Sep 2021 02:29:58 GMT'} 
 body={"id":2424,"title":"Livro de Alberson","description":"Alberso books","pageCount":0,"excerpt":"albersonfb","publishDate":"2021-09-09T02:10:46.927Z"} 
 </msg>
<msg timestamp="20210908 22:29:59.201" level="INFO">${RESPOSTA} = &lt;Response [200]&gt;</msg>
<status status="PASS" starttime="20210908 22:29:58.914" endtime="20210908 22:29:59.202"/>
</kw>
<kw name="Log" library="BuiltIn">
<arg>${RESPOSTA.text}</arg>
<doc>Logs the given message with the given level.</doc>
<msg timestamp="20210908 22:29:59.205" level="INFO">{"id":2424,"title":"Livro de Alberson","description":"Alberso books","pageCount":0,"excerpt":"albersonfb","publishDate":"2021-09-09T02:10:46.927Z"}</msg>
<status status="PASS" starttime="20210908 22:29:59.202" endtime="20210908 22:29:59.205"/>
</kw>
<kw name="Set Test Variable" library="BuiltIn">
<arg>${RESPOSTA}</arg>
<doc>Makes a variable available everywhere within the scope of the current test.</doc>
<msg timestamp="20210908 22:29:59.206" level="INFO">${RESPOSTA} = &lt;Response [200]&gt;</msg>
<status status="PASS" starttime="20210908 22:29:59.205" endtime="20210908 22:29:59.206"/>
</kw>
<status status="PASS" starttime="20210908 22:29:58.913" endtime="20210908 22:29:59.206"/>
</kw>
<status status="PASS" starttime="20210908 22:29:58.913" endtime="20210908 22:29:59.206"/>
</test>
<doc>Documentação da API http://fakerestapi.azurewebsites.net/index.html</doc>
<status status="PASS" starttime="20210908 22:29:55.030" endtime="20210908 22:29:59.207"/>
</suite>
<statistics>
<total>
<stat pass="3" fail="0" skip="0">All Tests</stat>
</total>
<tag>
</tag>
<suite>
<stat pass="3" fail="0" skip="0" id="s1" name="API">API</stat>
</suite>
</statistics>
<errors>
</errors>
</robot>
